Using pre-set license
Built from '2021.1/release' branch; Version is '2021.1.1f1 (6fdc41dfa55a) revision 7330881'; Using compiler version '192528614'; Build Type 'Release'
OS: 'Windows 10 Pro; OS build 22509.1011; Version 2009; 64bit' Language: 'en' Physical Memory: 32552 MB
BatchMode: 1, IsHumanControllingUs: 0, StartBugReporterOnCrash: 0, Is64bit: 1, IsPro: 0

 COMMAND LINE ARGUMENTS:
C:\Program Files\Unity\Hub\Editor\2021.1.1f1\Editor\Unity.exe
-adb2
-batchMode
-noUpm
-name
AssetImportWorker4
-projectPath
C:/Users/dover/Pikoya_InternAssignment
-logFile
Logs/AssetImportWorker4.log
-srvPort
65243
Successfully changed project path to: C:/Users/dover/Pikoya_InternAssignment
C:/Users/dover/Pikoya_InternAssignment
Using Asset Import Pipeline V2.
Refreshing native plugins compatible for Editor in 56.33 ms, found 3 plugins.
Preloading 0 native plugins for Editor in 0.00 ms.
Initialize engine version: 2021.1.1f1 (6fdc41dfa55a)
[Subsystems] Discovering subsystems at path C:/Program Files/Unity/Hub/Editor/2021.1.1f1/Editor/Data/Resources/UnitySubsystems
[Subsystems] Discovering subsystems at path C:/Users/dover/Pikoya_InternAssignment/Assets
GfxDevice: creating device client; threaded=0; jobified=0
Direct3D:
    Version:  Direct3D 11.0 [level 11.1]
    Renderer: NVIDIA GeForce RTX 2070 Super (ID=0x1e91)
    Vendor:   NVIDIA
    VRAM:     8012 MB
    Driver:   27.21.14.5763
Initialize mono
Mono path[0] = 'C:/Program Files/Unity/Hub/Editor/2021.1.1f1/Editor/Data/Managed'
Mono path[1] = 'C:/Program Files/Unity/Hub/Editor/2021.1.1f1/Editor/Data/MonoBleedingEdge/lib/mono/unityjit'
Mono config path = 'C:/Program Files/Unity/Hub/Editor/2021.1.1f1/Editor/Data/MonoBleedingEdge/etc'
Using monoOptions --debugger-agent=transport=dt_socket,embedding=1,server=y,suspend=n,address=127.0.0.1:56220
Begin MonoManager ReloadAssembly
Registering precompiled unity dll's ...
Register platform support module: C:/Program Files/Unity/Hub/Editor/2021.1.1f1/Editor/Data/PlaybackEngines/WebGLSupport/UnityEditor.WebGL.Extensions.dll
Register platform support module: C:/Program Files/Unity/Hub/Editor/2021.1.1f1/Editor/Data/PlaybackEngines/WindowsStandaloneSupport/UnityEditor.WindowsStandalone.Extensions.dll
Registered in 0.002033 seconds.
Native extension for WindowsStandalone target not found
Native extension for WebGL target not found
Refreshing native plugins compatible for Editor in 50.32 ms, found 3 plugins.
Preloading 0 native plugins for Editor in 0.00 ms.
Mono: successfully reloaded assembly
- Completed reload, in  2.305 seconds
Platform modules already initialized, skipping
Registering precompiled user dll's ...
Registered in 0.003966 seconds.
Begin MonoManager ReloadAssembly
Native extension for WindowsStandalone target not found
Native extension for WebGL target not found
Refreshing native plugins compatible for Editor in 49.23 ms, found 3 plugins.
Preloading 0 native plugins for Editor in 0.00 ms.
Mono: successfully reloaded assembly
- Completed reload, in  1.174 seconds
Platform modules already initialized, skipping
========================================================================
Worker process is ready to serve import requests
Launched and connected shader compiler UnityShaderCompiler.exe after 0.04 seconds
Refreshing native plugins compatible for Editor in 0.55 ms, found 3 plugins.
Preloading 0 native plugins for Editor in 0.00 ms.
Unloading 2376 Unused Serialized files (Serialized files now loaded: 0)
System memory in use before: 110.0 MB.
System memory in use after: 110.2 MB.

Unloading 41 unused Assets to reduce memory usage. Loaded Objects now: 2824.
Total: 2.394400 ms (FindLiveObjects: 0.220400 ms CreateObjectMapping: 0.155700 ms MarkObjects: 1.961000 ms  DeleteObjects: 0.056300 ms)

========================================================================
Received Import Request.
  path: Assets
  artifactKey: Guid(00000000000000001000000000000000) Importer(815301076,1909f56bfc062723c751e8b465ee728b)
Start importing Assets using Guid(00000000000000001000000000000000) Importer(815301076,1909f56bfc062723c751e8b465ee728b)  -> (artifact id: '98ffa0a5e8f73f3457f64fc720c11ab1') in 0.004481 seconds 
========================================================================
Received Import Request.
  Time since last request: 10.559167 seconds.
  path: Assets/_AB2-Project
  artifactKey: Guid(788b26ee01c00be49ab497fed2e49c6f) Importer(815301076,1909f56bfc062723c751e8b465ee728b)
Start importing Assets/_AB2-Project using Guid(788b26ee01c00be49ab497fed2e49c6f) Importer(815301076,1909f56bfc062723c751e8b465ee728b)  -> (artifact id: '95f1da12058d1c1558fe4f384fda3c93') in 0.002990 seconds 
========================================================================
Received Import Request.
  Time since last request: 9.353811 seconds.
  path: Assets/Fog
  artifactKey: Guid(95335ba1b73596e40aba6658fd9fc67f) Importer(815301076,1909f56bfc062723c751e8b465ee728b)
Start importing Assets/Fog using Guid(95335ba1b73596e40aba6658fd9fc67f) Importer(815301076,1909f56bfc062723c751e8b465ee728b)  -> (artifact id: '449f5cbc4cffbcad3aa405f8758b729f') in 0.002454 seconds 
========================================================================
Received Import Request.
  Time since last request: 0.038343 seconds.
  path: Assets/Fog/Fog.mat
  artifactKey: Guid(468ae8a3af7cfd94fafbc22f80e90b1d) Importer(815301076,1909f56bfc062723c751e8b465ee728b)
Start importing Assets/Fog/Fog.mat using Guid(468ae8a3af7cfd94fafbc22f80e90b1d) Importer(815301076,1909f56bfc062723c751e8b465ee728b)  -> (artifact id: '547cad1178497bcdf2cbb0ed1583a293') in 0.112028 seconds 
========================================================================
Received Import Request.
  Time since last request: 0.000295 seconds.
  path: Assets/Fog/ParticleCloudWhite.png
  artifactKey: Guid(c50a90513b1de2d4e9b0c792338838da) Importer(815301076,1909f56bfc062723c751e8b465ee728b)
Start importing Assets/Fog/ParticleCloudWhite.png using Guid(c50a90513b1de2d4e9b0c792338838da) Importer(815301076,1909f56bfc062723c751e8b465ee728b)  -> (artifact id: '8486e53d3016c96d70f0f5e7c4290918') in 0.017106 seconds 
========================================================================
Received Import Request.
  Time since last request: 169.487039 seconds.
  path: Assets/Prefabs/UICanvas.prefab
  artifactKey: Guid(bb3cc89063c6bf94c9d29a3198f7ef1e) Importer(815301076,1909f56bfc062723c751e8b465ee728b)
Start importing Assets/Prefabs/UICanvas.prefab using Guid(bb3cc89063c6bf94c9d29a3198f7ef1e) Importer(815301076,1909f56bfc062723c751e8b465ee728b)  -> (artifact id: 'b0106bb75d6d6634d3fc8fe678e88383') in 0.069458 seconds 
========================================================================
Received Import Request.
  Time since last request: 6.408693 seconds.
  path: Assets/Editor
  artifactKey: Guid(d98ad1674ee8d5040ad22d07feddcab5) Importer(815301076,1909f56bfc062723c751e8b465ee728b)
Start importing Assets/Editor using Guid(d98ad1674ee8d5040ad22d07feddcab5) Importer(815301076,1909f56bfc062723c751e8b465ee728b)  -> (artifact id: '25aa3f2c46f45a6c6180ea12e1e6dfa7') in 0.002308 seconds 
========================================================================
Received Import Request.
  Time since last request: 0.784684 seconds.
  path: Assets/Editor/com.unity.mobile.notifications
  artifactKey: Guid(8d94ea3741ad8d344a76cca0aa62f67e) Importer(815301076,1909f56bfc062723c751e8b465ee728b)
Start importing Assets/Editor/com.unity.mobile.notifications using Guid(8d94ea3741ad8d344a76cca0aa62f67e) Importer(815301076,1909f56bfc062723c751e8b465ee728b)  -> (artifact id: '234ed961af6bf3abb0a7ab02618a4d4a') in 0.002926 seconds 
========================================================================
Received Import Request.
  Time since last request: 0.045743 seconds.
  path: Assets/Editor/com.unity.mobile.notifications/NotificationSettings.asset
  artifactKey: Guid(4cee8bca36f2ab74b8feb832747fa6f4) Importer(815301076,1909f56bfc062723c751e8b465ee728b)
Start importing Assets/Editor/com.unity.mobile.notifications/NotificationSettings.asset using Guid(4cee8bca36f2ab74b8feb832747fa6f4) Importer(815301076,1909f56bfc062723c751e8b465ee728b)  -> (artifact id: '064172811c1f81b2336ab84a1b2219ad') in 0.005709 seconds 
========================================================================
Received Import Request.
  Time since last request: 97.052078 seconds.
  path: Assets/StageFog.prefab
  artifactKey: Guid(f0674447a7f7c624197596d2c5638967) Importer(815301076,1909f56bfc062723c751e8b465ee728b)
Start importing Assets/StageFog.prefab using Guid(f0674447a7f7c624197596d2c5638967) Importer(815301076,1909f56bfc062723c751e8b465ee728b)  -> (artifact id: '9915c0353cc786ae32133d28fcb661c3') in 0.006452 seconds 
========================================================================
Received Import Request.
  Time since last request: 3.965218 seconds.
  path: Assets/_AB2-Project
  artifactKey: Guid(2ab2ef64ff522a84789c1e57d5396501) Importer(815301076,1909f56bfc062723c751e8b465ee728b)
Start importing Assets/_AB2-Project using Guid(2ab2ef64ff522a84789c1e57d5396501) Importer(815301076,1909f56bfc062723c751e8b465ee728b)  -> (artifact id: 'faa5c6848636d54dc16d3f29b36bc2f4') in 0.002730 seconds 
========================================================================
Received Import Request.
  Time since last request: 72.504685 seconds.
  path: Assets/Animations/GameOverShow.anim
  artifactKey: Guid(dd25b0939b244c14bae4bb7c453f95f7) Importer(815301076,1909f56bfc062723c751e8b465ee728b)
Start importing Assets/Animations/GameOverShow.anim using Guid(dd25b0939b244c14bae4bb7c453f95f7) Importer(815301076,1909f56bfc062723c751e8b465ee728b)  -> (artifact id: '39a7e77bbd2870a48dc72048e15dd878') in 0.004743 seconds 
========================================================================
Received Prepare
Registering precompiled user dll's ...
Registered in 0.004423 seconds.
Begin MonoManager ReloadAssembly
Native extension for WindowsStandalone target not found
Native extension for WebGL target not found
Refreshing native plugins compatible for Editor in 0.63 ms, found 3 plugins.
Preloading 0 native plugins for Editor in 0.00 ms.
Mono: successfully reloaded assembly
- Completed reload, in  1.048 seconds
Platform modules already initialized, skipping
Refreshing native plugins compatible for Editor in 0.54 ms, found 3 plugins.
Preloading 0 native plugins for Editor in 0.00 ms.
Unloading 2353 Unused Serialized files (Serialized files now loaded: 0)
System memory in use before: 112.6 MB.
System memory in use after: 112.9 MB.

Unloading 30 unused Assets to reduce memory usage. Loaded Objects now: 2883.
Total: 2.347000 ms (FindLiveObjects: 0.194700 ms CreateObjectMapping: 0.101500 ms MarkObjects: 2.033500 ms  DeleteObjects: 0.016500 ms)

========================================================================
Received Import Request.
  Time since last request: 932.712094 seconds.
  path: Assets/TextMesh Pro/Examples & Extras/Textures/Brushed Metal 3.jpg
  artifactKey: Guid(f88677df267a41d6be1e7a6133e7d227) Importer(815301076,1909f56bfc062723c751e8b465ee728b)
Start importing Assets/TextMesh Pro/Examples & Extras/Textures/Brushed Metal 3.jpg using Guid(f88677df267a41d6be1e7a6133e7d227) Importer(815301076,1909f56bfc062723c751e8b465ee728b)  -> (artifact id: 'fd83c2b85a0bffb62f5cce35438a0512') in 0.075909 seconds 
========================================================================
Received Import Request.
  Time since last request: 0.893365 seconds.
  path: Assets/TextMesh Pro/Examples & Extras/Sprites/Default Sprites.png
  artifactKey: Guid(a0fc465d6cf04254a2938578735e2383) Importer(815301076,1909f56bfc062723c751e8b465ee728b)
Start importing Assets/TextMesh Pro/Examples & Extras/Sprites/Default Sprites.png using Guid(a0fc465d6cf04254a2938578735e2383) Importer(815301076,1909f56bfc062723c751e8b465ee728b)  -> (artifact id: '8f222b373653500d265fafa0139a6e5b') in 0.009555 seconds 
========================================================================
Received Import Request.
  Time since last request: 0.000439 seconds.
  path: Assets/TextMesh Pro/Examples & Extras/Sprites/DropCap Numbers.psd
  artifactKey: Guid(fd09957580ac4326916010f1f260975b) Importer(815301076,1909f56bfc062723c751e8b465ee728b)
Start importing Assets/TextMesh Pro/Examples & Extras/Sprites/DropCap Numbers.psd using Guid(fd09957580ac4326916010f1f260975b) Importer(815301076,1909f56bfc062723c751e8b465ee728b)  -> (artifact id: '4effb5644b09d473ac80a84e6d99c883') in 0.011764 seconds 
========================================================================
Received Import Request.
  Time since last request: 0.000460 seconds.
  path: Assets/TextMesh Pro/Sprites/EmojiOne.png
  artifactKey: Guid(dffef66376be4fa480fb02b19edbe903) Importer(815301076,1909f56bfc062723c751e8b465ee728b)
Start importing Assets/TextMesh Pro/Sprites/EmojiOne.png using Guid(dffef66376be4fa480fb02b19edbe903) Importer(815301076,1909f56bfc062723c751e8b465ee728b)  -> (artifact id: '7fd40f421a34800cc98eef5eb1df7481') in 0.009092 seconds 
========================================================================
Received Import Request.
  Time since last request: 0.000369 seconds.
  path: Assets/TextMesh Pro/Examples & Extras/Textures/Floor Cement.jpg
  artifactKey: Guid(283f897e4925411ebbaa758b4cb13fc2) Importer(815301076,1909f56bfc062723c751e8b465ee728b)
Start importing Assets/TextMesh Pro/Examples & Extras/Textures/Floor Cement.jpg using Guid(283f897e4925411ebbaa758b4cb13fc2) Importer(815301076,1909f56bfc062723c751e8b465ee728b)  -> (artifact id: '20e0cd202c7dccb6577bf01f7bbf3322') in 0.008823 seconds 
========================================================================
Received Import Request.
  Time since last request: 0.000371 seconds.
  path: Assets/TextMesh Pro/Examples & Extras/Textures/Floor Tiles 1 - diffuse.jpg
  artifactKey: Guid(85ac55597b97403c82fc6601a93cf241) Importer(815301076,1909f56bfc062723c751e8b465ee728b)
Start importing Assets/TextMesh Pro/Examples & Extras/Textures/Floor Tiles 1 - diffuse.jpg using Guid(85ac55597b97403c82fc6601a93cf241) Importer(815301076,1909f56bfc062723c751e8b465ee728b)  -> (artifact id: '2b1b58e008c2baf856ee821834be933a') in 0.009007 seconds 
========================================================================
Received Import Request.
  Time since last request: 0.002154 seconds.
  path: Assets/TextMesh Pro/Examples & Extras/Textures/Fruit Jelly (B&W).jpg
  artifactKey: Guid(1cdc5b506b1a4a33a53c30669ced1f51) Importer(815301076,1909f56bfc062723c751e8b465ee728b)
Start importing Assets/TextMesh Pro/Examples & Extras/Textures/Fruit Jelly (B&W).jpg using Guid(1cdc5b506b1a4a33a53c30669ced1f51) Importer(815301076,1909f56bfc062723c751e8b465ee728b)  -> (artifact id: '553f5af685dba0dca180f9fb5a5f74af') in 0.008551 seconds 
========================================================================
Received Import Request.
  Time since last request: 0.000356 seconds.
  path: Assets/TextMesh Pro/Examples & Extras/Textures/Gradient Vertical (Color).jpg
  artifactKey: Guid(03d0538de6e24c0f819bfc9ce084dfa9) Importer(815301076,1909f56bfc062723c751e8b465ee728b)
Start importing Assets/TextMesh Pro/Examples & Extras/Textures/Gradient Vertical (Color).jpg using Guid(03d0538de6e24c0f819bfc9ce084dfa9) Importer(815301076,1909f56bfc062723c751e8b465ee728b)  -> (artifact id: 'e4e5fe3edc4ca336c45dda026378761d') in 0.007293 seconds 
========================================================================
Received Import Request.
  Time since last request: 0.000346 seconds.
  path: Assets/TextMesh Pro/Examples & Extras/Textures/Gradient Diagonal (Color).jpg
  artifactKey: Guid(2ce5c55e85304b819a1826ecbc839aa5) Importer(815301076,1909f56bfc062723c751e8b465ee728b)
Start importing Assets/TextMesh Pro/Examples & Extras/Textures/Gradient Diagonal (Color).jpg using Guid(2ce5c55e85304b819a1826ecbc839aa5) Importer(815301076,1909f56bfc062723c751e8b465ee728b)  -> (artifact id: '2dad4f8103dd543275aa6b494da588c5') in 0.006992 seconds 
========================================================================
Received Import Request.
  Time since last request: 0.000352 seconds.
  path: Assets/TextMesh Pro/Examples & Extras/Textures/Gradient Horizontal (Color).jpg
  artifactKey: Guid(6eb184de103d4b3f812b38561065192f) Importer(815301076,1909f56bfc062723c751e8b465ee728b)
Start importing Assets/TextMesh Pro/Examples & Extras/Textures/Gradient Horizontal (Color).jpg using Guid(6eb184de103d4b3f812b38561065192f) Importer(815301076,1909f56bfc062723c751e8b465ee728b)  -> (artifact id: '128602953515e668b2ed9a2bf68a8918') in 0.006838 seconds 
========================================================================
Received Import Request.
  Time since last request: 0.015793 seconds.
  path: Assets/TextMesh Pro/Resources/Fonts & Materials/LiberationSans SDF - Fallback.asset
  artifactKey: Guid(2e498d1c8094910479dc3e1b768306a4) Importer(815301076,1909f56bfc062723c751e8b465ee728b)
Start importing Assets/TextMesh Pro/Resources/Fonts & Materials/LiberationSans SDF - Fallback.asset using Guid(2e498d1c8094910479dc3e1b768306a4) Importer(815301076,1909f56bfc062723c751e8b465ee728b)  -> (artifact id: '5874f0fb79eb4e2a4a5c8f59f521829a') in 0.067817 seconds 
========================================================================
Received Import Request.
  Time since last request: 0.000403 seconds.
  path: Assets/TextMesh Pro/Examples & Extras/Textures/Small Crate_normal.jpg
  artifactKey: Guid(8878a782f4334ecbbcf683b3ac780966) Importer(815301076,1909f56bfc062723c751e8b465ee728b)
Start importing Assets/TextMesh Pro/Examples & Extras/Textures/Small Crate_normal.jpg using Guid(8878a782f4334ecbbcf683b3ac780966) Importer(815301076,1909f56bfc062723c751e8b465ee728b)  -> (artifact id: '24a8173553955365f7be15d956a15dcc') in 0.012240 seconds 
========================================================================
Received Import Request.
  Time since last request: 0.000395 seconds.
  path: Assets/TextMesh Pro/Examples & Extras/Resources/Fonts & Materials/Roboto-Bold SDF.asset
  artifactKey: Guid(5302535af1044152a457ed104f1f4b91) Importer(815301076,1909f56bfc062723c751e8b465ee728b)
Start importing Assets/TextMesh Pro/Examples & Extras/Resources/Fonts & Materials/Roboto-Bold SDF.asset using Guid(5302535af1044152a457ed104f1f4b91) Importer(815301076,1909f56bfc062723c751e8b465ee728b)  -> (artifact id: 'ea15f1cb0c631db1d7ce428079ceb1ce') in 0.027354 seconds 
========================================================================
Received Import Request.
  Time since last request: 0.000397 seconds.
  path: Assets/TextMesh Pro/Examples & Extras/Textures/Text Overflow - Linked Text UI Screenshot.png
  artifactKey: Guid(c76d18757a194d618355f05f815cb0a1) Importer(815301076,1909f56bfc062723c751e8b465ee728b)
Start importing Assets/TextMesh Pro/Examples & Extras/Textures/Text Overflow - Linked Text UI Screenshot.png using Guid(c76d18757a194d618355f05f815cb0a1) Importer(815301076,1909f56bfc062723c751e8b465ee728b)  -> (artifact id: '81ea89e3c302f57a6e141132d0b4ea86') in 0.013165 seconds 
========================================================================
Received Import Request.
  Time since last request: 0.000360 seconds.
  path: Assets/TextMesh Pro/Examples & Extras/Textures/Text Overflow - Linked Text Image 1.png
  artifactKey: Guid(4ccf43d26c4748c792174516f4a8fcef) Importer(815301076,1909f56bfc062723c751e8b465ee728b)
Start importing Assets/TextMesh Pro/Examples & Extras/Textures/Text Overflow - Linked Text Image 1.png using Guid(4ccf43d26c4748c792174516f4a8fcef) Importer(815301076,1909f56bfc062723c751e8b465ee728b)  -> (artifact id: '309cb3eca8324dc3b70192b0e0c0cb2f') in 0.008303 seconds 
========================================================================
Received Import Request.
  Time since last request: 0.000368 seconds.
  path: Assets/TextMesh Pro/Examples & Extras/Textures/Small Crate_diffuse.jpg
  artifactKey: Guid(602cb87b6a29443b8636370ea0751574) Importer(815301076,1909f56bfc062723c751e8b465ee728b)
Start importing Assets/TextMesh Pro/Examples & Extras/Textures/Small Crate_diffuse.jpg using Guid(602cb87b6a29443b8636370ea0751574) Importer(815301076,1909f56bfc062723c751e8b465ee728b)  -> (artifact id: 'd65af7961de9093c429b37b3582ac9ce') in 0.009035 seconds 
========================================================================
Received Import Request.
  Time since last request: 0.000388 seconds.
  path: Assets/TextMesh Pro/Examples & Extras/Textures/Wipe Pattern - Radial Quad.psd
  artifactKey: Guid(2b5e9ae96c5644d8bae932f8b4ca68a2) Importer(815301076,1909f56bfc062723c751e8b465ee728b)
Start importing Assets/TextMesh Pro/Examples & Extras/Textures/Wipe Pattern - Radial Quad.psd using Guid(2b5e9ae96c5644d8bae932f8b4ca68a2) Importer(815301076,1909f56bfc062723c751e8b465ee728b)  -> (artifact id: '439f7e01cb41e503aad543d78f6a646d') in 0.007496 seconds 
========================================================================
Received Import Request.
  Time since last request: 0.000396 seconds.
  path: Assets/TextMesh Pro/Examples & Extras/Textures/Wipe Pattern - Circle.psd
  artifactKey: Guid(10c49fcd9c64421db7c0133e61e55f97) Importer(815301076,1909f56bfc062723c751e8b465ee728b)
Start importing Assets/TextMesh Pro/Examples & Extras/Textures/Wipe Pattern - Circle.psd using Guid(10c49fcd9c64421db7c0133e61e55f97) Importer(815301076,1909f56bfc062723c751e8b465ee728b)  -> (artifact id: 'dbc1bd17ca1bc86f2123f568a60aa7c2') in 0.007022 seconds 
========================================================================
Received Import Request.
  Time since last request: 0.000357 seconds.
  path: Assets/TextMesh Pro/Examples & Extras/Textures/Sunny Days - Seamless.jpg
  artifactKey: Guid(17c350171f7a3ca479f830547c66d187) Importer(815301076,1909f56bfc062723c751e8b465ee728b)
Start importing Assets/TextMesh Pro/Examples & Extras/Textures/Sunny Days - Seamless.jpg using Guid(17c350171f7a3ca479f830547c66d187) Importer(815301076,1909f56bfc062723c751e8b465ee728b)  -> (artifact id: '2470440d331122db266d3b547c28ce83') in 0.007892 seconds 
========================================================================
Received Import Request.
  Time since last request: 0.000327 seconds.
  path: Assets/TextMesh Pro/Examples & Extras/Textures/Wipe Pattern - Diagonal.psd
  artifactKey: Guid(ed5290d8df18488780e2996b9b882f01) Importer(815301076,1909f56bfc062723c751e8b465ee728b)
Start importing Assets/TextMesh Pro/Examples & Extras/Textures/Wipe Pattern - Diagonal.psd using Guid(ed5290d8df18488780e2996b9b882f01) Importer(815301076,1909f56bfc062723c751e8b465ee728b)  -> (artifact id: 'a117332bfd83ef707fc71cdbb030b199') in 0.015595 seconds 
========================================================================
Received Import Request.
  Time since last request: 0.000350 seconds.
  path: Assets/TextMesh Pro/Examples & Extras/Textures/Wipe Pattern - Radial Double.psd
  artifactKey: Guid(7631f4eff8f74ed38eb3eb9db17134e1) Importer(815301076,1909f56bfc062723c751e8b465ee728b)
Start importing Assets/TextMesh Pro/Examples & Extras/Textures/Wipe Pattern - Radial Double.psd using Guid(7631f4eff8f74ed38eb3eb9db17134e1) Importer(815301076,1909f56bfc062723c751e8b465ee728b)  -> (artifact id: 'd2dc5ac24eadc15f66c532f08a84355b') in 0.008490 seconds 
========================================================================
Received Import Request.
  Time since last request: 0.000423 seconds.
  path: Assets/TextMesh Pro/Examples & Extras/Textures/Mask Zig-n-Zag.psd
  artifactKey: Guid(bb8dfcd263ad4eb383a33d74a720be6f) Importer(815301076,1909f56bfc062723c751e8b465ee728b)
Start importing Assets/TextMesh Pro/Examples & Extras/Textures/Mask Zig-n-Zag.psd using Guid(bb8dfcd263ad4eb383a33d74a720be6f) Importer(815301076,1909f56bfc062723c751e8b465ee728b)  -> (artifact id: 'e6a60250e8891047ad5f80b76e5206c8') in 0.007348 seconds 
========================================================================
Received Import Request.
  Time since last request: 0.000391 seconds.
  path: Assets/TextMesh Pro/Examples & Extras/Resources/Fonts & Materials/Oswald Bold SDF.asset
  artifactKey: Guid(0161d805a3764c089bef00bfe00793f5) Importer(815301076,1909f56bfc062723c751e8b465ee728b)
Start importing Assets/TextMesh Pro/Examples & Extras/Resources/Fonts & Materials/Oswald Bold SDF.asset using Guid(0161d805a3764c089bef00bfe00793f5) Importer(815301076,1909f56bfc062723c751e8b465ee728b)  -> (artifact id: 'b76e88d261f8d33fb7a78444fe2bcd5e') in 0.025998 seconds 
========================================================================
Received Import Request.
  Time since last request: 293.665611 seconds.
  path: Assets/Prefabs/UICanvas.prefab
  artifactKey: Guid(bb3cc89063c6bf94c9d29a3198f7ef1e) Importer(815301076,1909f56bfc062723c751e8b465ee728b)
Start importing Assets/Prefabs/UICanvas.prefab using Guid(bb3cc89063c6bf94c9d29a3198f7ef1e) Importer(815301076,1909f56bfc062723c751e8b465ee728b)  -> (artifact id: 'd8dd8a66bf3df9f640fcc6674fb3c8aa') in 0.048056 seconds 
========================================================================
Received Import Request.
  Time since last request: 2.001007 seconds.
  path: Assets/Prefabs/StageFog.prefab
  artifactKey: Guid(181c0c06d2fdbf34d97aa8a7c27e9d7e) Importer(815301076,1909f56bfc062723c751e8b465ee728b)
Start importing Assets/Prefabs/StageFog.prefab using Guid(181c0c06d2fdbf34d97aa8a7c27e9d7e) Importer(815301076,1909f56bfc062723c751e8b465ee728b)  -> (artifact id: 'aea47fe21aba6602b428971a76ba348a') in 0.003899 seconds 
========================================================================
Received Import Request.
  Time since last request: 0.132115 seconds.
  path: Assets/Prefabs/UICanvas.prefab
  artifactKey: Guid(bb3cc89063c6bf94c9d29a3198f7ef1e) Importer(815301076,1909f56bfc062723c751e8b465ee728b)
Start importing Assets/Prefabs/UICanvas.prefab using Guid(bb3cc89063c6bf94c9d29a3198f7ef1e) Importer(815301076,1909f56bfc062723c751e8b465ee728b)  -> (artifact id: '6ab693bb2c7a88a9e567956b0f09762a') in 0.023534 seconds 
========================================================================
Received Import Request.
  Time since last request: 1.977995 seconds.
  path: Assets/Prefabs/UICanvas.prefab
  artifactKey: Guid(bb3cc89063c6bf94c9d29a3198f7ef1e) Importer(815301076,1909f56bfc062723c751e8b465ee728b)
Start importing Assets/Prefabs/UICanvas.prefab using Guid(bb3cc89063c6bf94c9d29a3198f7ef1e) Importer(815301076,1909f56bfc062723c751e8b465ee728b)  -> (artifact id: '80cce55eed565f034089a6f33cb9ea98') in 0.023927 seconds 
========================================================================
Received Import Request.
  Time since last request: 6.015947 seconds.
  path: Assets/Prefabs/StageFog.prefab
  artifactKey: Guid(181c0c06d2fdbf34d97aa8a7c27e9d7e) Importer(815301076,1909f56bfc062723c751e8b465ee728b)
Start importing Assets/Prefabs/StageFog.prefab using Guid(181c0c06d2fdbf34d97aa8a7c27e9d7e) Importer(815301076,1909f56bfc062723c751e8b465ee728b)  -> (artifact id: 'd8eeeecb085513a0a7a2b8f0784bc938') in 0.003941 seconds 
========================================================================
Received Import Request.
  Time since last request: 2137.913429 seconds.
  path: Assets/Prefabs/Particle System.prefab
  artifactKey: Guid(b33f6f48f0919f149958eafc563ff229) Importer(815301076,1909f56bfc062723c751e8b465ee728b)
Start importing Assets/Prefabs/Particle System.prefab using Guid(b33f6f48f0919f149958eafc563ff229) Importer(815301076,1909f56bfc062723c751e8b465ee728b)  -> (artifact id: '3389c49e38c37e61ca5dc886948c7cb8') in 0.005069 seconds 
========================================================================
Received Import Request.
  Time since last request: 14.110437 seconds.
  path: Assets/Scenes/Level1.unity
  artifactKey: Guid(941025acae190024abe3eab52601c6ea) Importer(815301076,1909f56bfc062723c751e8b465ee728b)
Start importing Assets/Scenes/Level1.unity using Guid(941025acae190024abe3eab52601c6ea) Importer(815301076,1909f56bfc062723c751e8b465ee728b)  -> (artifact id: '6b70ad3705fb92a5f4842d46d42925ab') in 0.003509 seconds 
========================================================================
Received Import Request.
  Time since last request: 3.608136 seconds.
  path: Assets/Scenes/Level1.unity
  artifactKey: Guid(941025acae190024abe3eab52601c6ea) Importer(815301076,1909f56bfc062723c751e8b465ee728b)
Start importing Assets/Scenes/Level1.unity using Guid(941025acae190024abe3eab52601c6ea) Importer(815301076,1909f56bfc062723c751e8b465ee728b)  -> (artifact id: '12152830959078b174ebc06baf40101f') in 0.002164 seconds 
========================================================================
Received Import Request.
  Time since last request: 14.033397 seconds.
  path: Assets/Scenes/Level3.unity
  artifactKey: Guid(8058083b34cdcfe41a1d090805493870) Importer(815301076,1909f56bfc062723c751e8b465ee728b)
Start importing Assets/Scenes/Level3.unity using Guid(8058083b34cdcfe41a1d090805493870) Importer(815301076,1909f56bfc062723c751e8b465ee728b)  -> (artifact id: '36e38c0d1bf31b0e388205a99caafc87') in 0.003210 seconds 
========================================================================
Received Import Request.
  Time since last request: 21.858177 seconds.
  path: Assets/Scenes/Level2.unity
  artifactKey: Guid(7189ae86796d07c4d8e0297a565ea9f9) Importer(815301076,1909f56bfc062723c751e8b465ee728b)
Start importing Assets/Scenes/Level2.unity using Guid(7189ae86796d07c4d8e0297a565ea9f9) Importer(815301076,1909f56bfc062723c751e8b465ee728b)  -> (artifact id: '5f7ae5cf6a8907cd15b00ae94a8d6743') in 0.003367 seconds 
========================================================================
Received Import Request.
  Time since last request: 2.738979 seconds.
  path: Assets/Scenes/Level3.unity
  artifactKey: Guid(8058083b34cdcfe41a1d090805493870) Importer(815301076,1909f56bfc062723c751e8b465ee728b)
Start importing Assets/Scenes/Level3.unity using Guid(8058083b34cdcfe41a1d090805493870) Importer(815301076,1909f56bfc062723c751e8b465ee728b)  -> (artifact id: '4c742fc806c71303be588c5a74a5db58') in 0.003072 seconds 
========================================================================
Received Import Request.
  Time since last request: 8.621273 seconds.
  path: Assets/Scenes/Level1.unity
  artifactKey: Guid(941025acae190024abe3eab52601c6ea) Importer(815301076,1909f56bfc062723c751e8b465ee728b)
Start importing Assets/Scenes/Level1.unity using Guid(941025acae190024abe3eab52601c6ea) Importer(815301076,1909f56bfc062723c751e8b465ee728b)  -> (artifact id: '56a6c4036e2caaa50f85dae805f07982') in 0.004476 seconds 
========================================================================
Received Prepare
Registering precompiled user dll's ...
Registered in 0.004984 seconds.
Begin MonoManager ReloadAssembly
Native extension for WindowsStandalone target not found
Native extension for WebGL target not found
Refreshing native plugins compatible for Editor in 0.60 ms, found 3 plugins.
Preloading 0 native plugins for Editor in 0.00 ms.
Mono: successfully reloaded assembly
- Completed reload, in  1.193 seconds
Platform modules already initialized, skipping
Refreshing native plugins compatible for Editor in 0.65 ms, found 3 plugins.
Preloading 0 native plugins for Editor in 0.00 ms.
Unloading 2375 Unused Serialized files (Serialized files now loaded: 0)
System memory in use before: 127.8 MB.
System memory in use after: 128.1 MB.

Unloading 30 unused Assets to reduce memory usage. Loaded Objects now: 3239.
Total: 2.214500 ms (FindLiveObjects: 0.193600 ms CreateObjectMapping: 0.092500 ms MarkObjects: 1.909300 ms  DeleteObjects: 0.018500 ms)

========================================================================
Received Prepare
Registering precompiled user dll's ...
Registered in 0.005807 seconds.
Begin MonoManager ReloadAssembly
Native extension for WindowsStandalone target not found
Native extension for WebGL target not found
Refreshing native plugins compatible for Editor in 0.64 ms, found 3 plugins.
Preloading 0 native plugins for Editor in 0.00 ms.
Mono: successfully reloaded assembly
- Completed reload, in  1.187 seconds
Platform modules already initialized, skipping
Refreshing native plugins compatible for Editor in 0.67 ms, found 3 plugins.
Preloading 0 native plugins for Editor in 0.00 ms.
Unloading 2352 Unused Serialized files (Serialized files now loaded: 0)
System memory in use before: 127.2 MB.
System memory in use after: 127.4 MB.

Unloading 30 unused Assets to reduce memory usage. Loaded Objects now: 3241.
Total: 2.490200 ms (FindLiveObjects: 0.229500 ms CreateObjectMapping: 0.126000 ms MarkObjects: 2.116300 ms  DeleteObjects: 0.017300 ms)

========================================================================
Received Prepare
Registering precompiled user dll's ...
Registered in 0.005055 seconds.
Begin MonoManager ReloadAssembly
Native extension for WindowsStandalone target not found
Native extension for WebGL target not found
Refreshing native plugins compatible for Editor in 0.55 ms, found 3 plugins.
Preloading 0 native plugins for Editor in 0.00 ms.
Mono: successfully reloaded assembly
- Completed reload, in  1.107 seconds
Platform modules already initialized, skipping
Refreshing native plugins compatible for Editor in 0.54 ms, found 3 plugins.
Preloading 0 native plugins for Editor in 0.00 ms.
Unloading 2352 Unused Serialized files (Serialized files now loaded: 0)
System memory in use before: 127.2 MB.
System memory in use after: 127.4 MB.

Unloading 30 unused Assets to reduce memory usage. Loaded Objects now: 3243.
Total: 2.578300 ms (FindLiveObjects: 0.236900 ms CreateObjectMapping: 0.114800 ms MarkObjects: 2.208100 ms  DeleteObjects: 0.017800 ms)

========================================================================
Received Prepare
Registering precompiled user dll's ...
Registered in 0.004984 seconds.
Begin MonoManager ReloadAssembly
Native extension for WindowsStandalone target not found
Native extension for WebGL target not found
Refreshing native plugins compatible for Editor in 0.56 ms, found 3 plugins.
Preloading 0 native plugins for Editor in 0.00 ms.
Mono: successfully reloaded assembly
- Completed reload, in  1.099 seconds
Platform modules already initialized, skipping
Refreshing native plugins compatible for Editor in 0.56 ms, found 3 plugins.
Preloading 0 native plugins for Editor in 0.00 ms.
Unloading 2352 Unused Serialized files (Serialized files now loaded: 0)
System memory in use before: 127.1 MB.
System memory in use after: 127.3 MB.

Unloading 30 unused Assets to reduce memory usage. Loaded Objects now: 3245.
Total: 2.452100 ms (FindLiveObjects: 0.267200 ms CreateObjectMapping: 0.128400 ms MarkObjects: 2.038000 ms  DeleteObjects: 0.017500 ms)

========================================================================
Received Prepare
Registering precompiled user dll's ...
Registered in 0.004865 seconds.
Begin MonoManager ReloadAssembly
Native extension for WindowsStandalone target not found
Native extension for WebGL target not found
Refreshing native plugins compatible for Editor in 0.67 ms, found 3 plugins.
Preloading 0 native plugins for Editor in 0.00 ms.
Mono: successfully reloaded assembly
- Completed reload, in  1.096 seconds
Platform modules already initialized, skipping
Refreshing native plugins compatible for Editor in 0.56 ms, found 3 plugins.
Preloading 0 native plugins for Editor in 0.00 ms.
Unloading 2352 Unused Serialized files (Serialized files now loaded: 0)
System memory in use before: 127.2 MB.
System memory in use after: 127.4 MB.

Unloading 30 unused Assets to reduce memory usage. Loaded Objects now: 3247.
Total: 2.377600 ms (FindLiveObjects: 0.215800 ms CreateObjectMapping: 0.106800 ms MarkObjects: 2.036500 ms  DeleteObjects: 0.017800 ms)

========================================================================
Received Prepare
Registering precompiled user dll's ...
Registered in 0.004940 seconds.
Begin MonoManager ReloadAssembly
Native extension for WindowsStandalone target not found
Native extension for WebGL target not found
Refreshing native plugins compatible for Editor in 0.59 ms, found 3 plugins.
Preloading 0 native plugins for Editor in 0.00 ms.
Mono: successfully reloaded assembly
- Completed reload, in  1.179 seconds
Platform modules already initialized, skipping
Refreshing native plugins compatible for Editor in 0.72 ms, found 3 plugins.
Preloading 0 native plugins for Editor in 0.00 ms.
Unloading 2352 Unused Serialized files (Serialized files now loaded: 0)
System memory in use before: 127.3 MB.
System memory in use after: 127.5 MB.

Unloading 30 unused Assets to reduce memory usage. Loaded Objects now: 3249.
Total: 3.615000 ms (FindLiveObjects: 0.333400 ms CreateObjectMapping: 0.256700 ms MarkObjects: 3.004200 ms  DeleteObjects: 0.019200 ms)

