Using pre-set license
Built from '2021.1/release' branch; Version is '2021.1.1f1 (6fdc41dfa55a) revision 7330881'; Using compiler version '192528614'; Build Type 'Release'
OS: 'Windows 10 Pro; OS build 22509.1011; Version 2009; 64bit' Language: 'en' Physical Memory: 32552 MB
BatchMode: 1, IsHumanControllingUs: 0, StartBugReporterOnCrash: 0, Is64bit: 1, IsPro: 0

 COMMAND LINE ARGUMENTS:
C:\Program Files\Unity\Hub\Editor\2021.1.1f1\Editor\Unity.exe
-adb2
-batchMode
-noUpm
-name
AssetImportWorker0
-projectPath
C:/Users/dover/Pikoya_InternAssignment
-logFile
Logs/AssetImportWorker0.log
-srvPort
51547
Successfully changed project path to: C:/Users/dover/Pikoya_InternAssignment
C:/Users/dover/Pikoya_InternAssignment
Using Asset Import Pipeline V2.
Refreshing native plugins compatible for Editor in 49.72 ms, found 3 plugins.
Preloading 0 native plugins for Editor in 0.00 ms.
Initialize engine version: 2021.1.1f1 (6fdc41dfa55a)
[Subsystems] Discovering subsystems at path C:/Program Files/Unity/Hub/Editor/2021.1.1f1/Editor/Data/Resources/UnitySubsystems
[Subsystems] Discovering subsystems at path C:/Users/dover/Pikoya_InternAssignment/Assets
GfxDevice: creating device client; threaded=0; jobified=0
Direct3D:
    Version:  Direct3D 11.0 [level 11.1]
    Renderer: NVIDIA GeForce RTX 2070 Super (ID=0x1e91)
    Vendor:   NVIDIA
    VRAM:     8012 MB
    Driver:   27.21.14.5763
Initialize mono
Mono path[0] = 'C:/Program Files/Unity/Hub/Editor/2021.1.1f1/Editor/Data/Managed'
Mono path[1] = 'C:/Program Files/Unity/Hub/Editor/2021.1.1f1/Editor/Data/MonoBleedingEdge/lib/mono/unityjit'
Mono config path = 'C:/Program Files/Unity/Hub/Editor/2021.1.1f1/Editor/Data/MonoBleedingEdge/etc'
Using monoOptions --debugger-agent=transport=dt_socket,embedding=1,server=y,suspend=n,address=127.0.0.1:56384
Begin MonoManager ReloadAssembly
Registering precompiled unity dll's ...
Register platform support module: C:/Program Files/Unity/Hub/Editor/2021.1.1f1/Editor/Data/PlaybackEngines/WebGLSupport/UnityEditor.WebGL.Extensions.dll
Register platform support module: C:/Program Files/Unity/Hub/Editor/2021.1.1f1/Editor/Data/PlaybackEngines/WindowsStandaloneSupport/UnityEditor.WindowsStandalone.Extensions.dll
Registered in 0.002316 seconds.
Native extension for WindowsStandalone target not found
Native extension for WebGL target not found
Refreshing native plugins compatible for Editor in 44.94 ms, found 3 plugins.
Preloading 0 native plugins for Editor in 0.00 ms.
Mono: successfully reloaded assembly
- Completed reload, in  1.956 seconds
Platform modules already initialized, skipping
Registering precompiled user dll's ...
Registered in 0.004041 seconds.
Begin MonoManager ReloadAssembly
Native extension for WindowsStandalone target not found
Native extension for WebGL target not found
Refreshing native plugins compatible for Editor in 46.42 ms, found 3 plugins.
Preloading 0 native plugins for Editor in 0.00 ms.
Mono: successfully reloaded assembly
- Completed reload, in  1.148 seconds
Platform modules already initialized, skipping
========================================================================
Worker process is ready to serve import requests
Launched and connected shader compiler UnityShaderCompiler.exe after 0.03 seconds
Refreshing native plugins compatible for Editor in 0.52 ms, found 3 plugins.
Preloading 0 native plugins for Editor in 0.00 ms.
Unloading 2321 Unused Serialized files (Serialized files now loaded: 0)
System memory in use before: 101.0 MB.
System memory in use after: 101.2 MB.

Unloading 41 unused Assets to reduce memory usage. Loaded Objects now: 2756.
Total: 2.368300 ms (FindLiveObjects: 0.191000 ms CreateObjectMapping: 0.130100 ms MarkObjects: 1.994700 ms  DeleteObjects: 0.051500 ms)

========================================================================
Received Import Request.
  path: Assets/Graphics/candy_110/bubble_pop_frame_02.png
  artifactKey: Guid(a3158000633be47438f03a05282333a7) Importer(815301076,1909f56bfc062723c751e8b465ee728b)
Start importing Assets/Graphics/candy_110/bubble_pop_frame_02.png using Guid(a3158000633be47438f03a05282333a7) Importer(815301076,1909f56bfc062723c751e8b465ee728b)  -> (artifact id: '9e6c60d178397530fc60034d69b15d42') in 0.092644 seconds 
========================================================================
Received Import Request.
  Time since last request: 0.000431 seconds.
  path: Assets/Graphics/candy_110/bubble_pop_frame_01.png
  artifactKey: Guid(7dba084242cc95e428a5e561f80f857f) Importer(815301076,1909f56bfc062723c751e8b465ee728b)
Start importing Assets/Graphics/candy_110/bubble_pop_frame_01.png using Guid(7dba084242cc95e428a5e561f80f857f) Importer(815301076,1909f56bfc062723c751e8b465ee728b)  -> (artifact id: '3a6b6a87f1cfa0fe94bfd9c992289b56') in 0.012304 seconds 
========================================================================
Received Import Request.
  Time since last request: 0.000326 seconds.
  path: Assets/Graphics/candy_110/bubble_pop_frame_03.png
  artifactKey: Guid(cb32a4ea9def1f94f84a83caa34b396f) Importer(815301076,1909f56bfc062723c751e8b465ee728b)
Start importing Assets/Graphics/candy_110/bubble_pop_frame_03.png using Guid(cb32a4ea9def1f94f84a83caa34b396f) Importer(815301076,1909f56bfc062723c751e8b465ee728b)  -> (artifact id: '9e84d494044c183a3bd2105ee9e5f8b0') in 0.014775 seconds 
========================================================================
Received Import Request.
  Time since last request: 0.000265 seconds.
  path: Assets/Graphics/candy_110/bubble_pop_frame_04.png
  artifactKey: Guid(01861067c04f07a44b26cfa24cab286c) Importer(815301076,1909f56bfc062723c751e8b465ee728b)
Start importing Assets/Graphics/candy_110/bubble_pop_frame_04.png using Guid(01861067c04f07a44b26cfa24cab286c) Importer(815301076,1909f56bfc062723c751e8b465ee728b)  -> (artifact id: 'b1e7157fd583fb3bdbc7fe3649ccb6a1') in 0.011071 seconds 
========================================================================
Received Import Request.
  Time since last request: 137.185041 seconds.
  path: Assets/Graphics/candy_110/bubble_pop_frame_01.png
  artifactKey: Guid(7dba084242cc95e428a5e561f80f857f) Importer(815301076,1909f56bfc062723c751e8b465ee728b)
Start importing Assets/Graphics/candy_110/bubble_pop_frame_01.png using Guid(7dba084242cc95e428a5e561f80f857f) Importer(815301076,1909f56bfc062723c751e8b465ee728b)  -> (artifact id: 'b36429c2bd453dba6f34f993dfe95f69') in 0.024361 seconds 
========================================================================
Received Import Request.
  Time since last request: 0.000309 seconds.
  path: Assets/Graphics/candy_110/bubble_pop_frame_02.png
  artifactKey: Guid(a3158000633be47438f03a05282333a7) Importer(815301076,1909f56bfc062723c751e8b465ee728b)
Start importing Assets/Graphics/candy_110/bubble_pop_frame_02.png using Guid(a3158000633be47438f03a05282333a7) Importer(815301076,1909f56bfc062723c751e8b465ee728b)  -> (artifact id: 'f66c4bdc83946b2ba2e146b39e78792a') in 0.020833 seconds 
========================================================================
Received Import Request.
  Time since last request: 0.000416 seconds.
  path: Assets/Graphics/candy_110/bubble_pop_frame_03.png
  artifactKey: Guid(cb32a4ea9def1f94f84a83caa34b396f) Importer(815301076,1909f56bfc062723c751e8b465ee728b)
Start importing Assets/Graphics/candy_110/bubble_pop_frame_03.png using Guid(cb32a4ea9def1f94f84a83caa34b396f) Importer(815301076,1909f56bfc062723c751e8b465ee728b)  -> (artifact id: '8eed73903fcb8205f0281d5f1441f020') in 0.016512 seconds 
========================================================================
Received Import Request.
  Time since last request: 0.000350 seconds.
  path: Assets/Graphics/candy_110/bubble_pop_frame_04.png
  artifactKey: Guid(01861067c04f07a44b26cfa24cab286c) Importer(815301076,1909f56bfc062723c751e8b465ee728b)
Start importing Assets/Graphics/candy_110/bubble_pop_frame_04.png using Guid(01861067c04f07a44b26cfa24cab286c) Importer(815301076,1909f56bfc062723c751e8b465ee728b)  -> (artifact id: '4e310ba66489a6fdc212e5584361cdfb') in 0.013274 seconds 
========================================================================
Received Import Request.
  Time since last request: 7.388115 seconds.
  path: Assets/Graphics/candy_110/bubble_pop_frame_01.png
  artifactKey: Guid(7dba084242cc95e428a5e561f80f857f) Importer(815301076,1909f56bfc062723c751e8b465ee728b)
Start importing Assets/Graphics/candy_110/bubble_pop_frame_01.png using Guid(7dba084242cc95e428a5e561f80f857f) Importer(815301076,1909f56bfc062723c751e8b465ee728b)  -> (artifact id: '37432f48e1a6c9ff93552572edb3ab5f') in 0.013845 seconds 
========================================================================
Received Import Request.
  Time since last request: 0.000374 seconds.
  path: Assets/Graphics/candy_110/bubble_pop_frame_02.png
  artifactKey: Guid(a3158000633be47438f03a05282333a7) Importer(815301076,1909f56bfc062723c751e8b465ee728b)
Start importing Assets/Graphics/candy_110/bubble_pop_frame_02.png using Guid(a3158000633be47438f03a05282333a7) Importer(815301076,1909f56bfc062723c751e8b465ee728b)  -> (artifact id: '4c21c9c7e43f440f8a2ef6cee050a35e') in 0.015025 seconds 
========================================================================
Received Import Request.
  Time since last request: 0.000365 seconds.
  path: Assets/Graphics/candy_110/bubble_pop_frame_03.png
  artifactKey: Guid(cb32a4ea9def1f94f84a83caa34b396f) Importer(815301076,1909f56bfc062723c751e8b465ee728b)
Start importing Assets/Graphics/candy_110/bubble_pop_frame_03.png using Guid(cb32a4ea9def1f94f84a83caa34b396f) Importer(815301076,1909f56bfc062723c751e8b465ee728b)  -> (artifact id: '37fb141d87de3b5bec4213a0641297a3') in 0.015113 seconds 
========================================================================
Received Import Request.
  Time since last request: 0.000365 seconds.
  path: Assets/Graphics/candy_110/bubble_pop_frame_04.png
  artifactKey: Guid(01861067c04f07a44b26cfa24cab286c) Importer(815301076,1909f56bfc062723c751e8b465ee728b)
Start importing Assets/Graphics/candy_110/bubble_pop_frame_04.png using Guid(01861067c04f07a44b26cfa24cab286c) Importer(815301076,1909f56bfc062723c751e8b465ee728b)  -> (artifact id: 'e331a68975e7687bcf7d57c0638ea349') in 0.013622 seconds 
========================================================================
Received Import Request.
  Time since last request: 6.909831 seconds.
  path: Assets/Graphics/candy_110/bubble_pop_frame_01.png
  artifactKey: Guid(7dba084242cc95e428a5e561f80f857f) Importer(815301076,1909f56bfc062723c751e8b465ee728b)
Start importing Assets/Graphics/candy_110/bubble_pop_frame_01.png using Guid(7dba084242cc95e428a5e561f80f857f) Importer(815301076,1909f56bfc062723c751e8b465ee728b)  -> (artifact id: '3ebe84696ba6726a79ff06b702b48650') in 0.017343 seconds 
========================================================================
Received Import Request.
  Time since last request: 0.000400 seconds.
  path: Assets/Graphics/candy_110/bubble_pop_frame_02.png
  artifactKey: Guid(a3158000633be47438f03a05282333a7) Importer(815301076,1909f56bfc062723c751e8b465ee728b)
Start importing Assets/Graphics/candy_110/bubble_pop_frame_02.png using Guid(a3158000633be47438f03a05282333a7) Importer(815301076,1909f56bfc062723c751e8b465ee728b)  -> (artifact id: '639f4af43c154d9a60f7f9fcc14bcd3c') in 0.014553 seconds 
========================================================================
Received Import Request.
  Time since last request: 0.000322 seconds.
  path: Assets/Graphics/candy_110/bubble_pop_frame_03.png
  artifactKey: Guid(cb32a4ea9def1f94f84a83caa34b396f) Importer(815301076,1909f56bfc062723c751e8b465ee728b)
Start importing Assets/Graphics/candy_110/bubble_pop_frame_03.png using Guid(cb32a4ea9def1f94f84a83caa34b396f) Importer(815301076,1909f56bfc062723c751e8b465ee728b)  -> (artifact id: '7876760cedf8ce291592677cc0040286') in 0.018159 seconds 
========================================================================
Received Import Request.
  Time since last request: 0.000437 seconds.
  path: Assets/Graphics/candy_110/bubble_pop_frame_04.png
  artifactKey: Guid(01861067c04f07a44b26cfa24cab286c) Importer(815301076,1909f56bfc062723c751e8b465ee728b)
Start importing Assets/Graphics/candy_110/bubble_pop_frame_04.png using Guid(01861067c04f07a44b26cfa24cab286c) Importer(815301076,1909f56bfc062723c751e8b465ee728b)  -> (artifact id: '4fc76120f98d264c08851f514675a412') in 0.016976 seconds 
========================================================================
Received Import Request.
  Time since last request: 19.124294 seconds.
  path: Assets/Graphics/candy_110/bubble_pop_frame_01.png
  artifactKey: Guid(7dba084242cc95e428a5e561f80f857f) Importer(815301076,1909f56bfc062723c751e8b465ee728b)
Start importing Assets/Graphics/candy_110/bubble_pop_frame_01.png using Guid(7dba084242cc95e428a5e561f80f857f) Importer(815301076,1909f56bfc062723c751e8b465ee728b)  -> (artifact id: 'c6bf816ce75832ef7acdd2ebab121284') in 0.017015 seconds 
========================================================================
Received Import Request.
  Time since last request: 0.000370 seconds.
  path: Assets/Graphics/candy_110/bubble_pop_frame_02.png
  artifactKey: Guid(a3158000633be47438f03a05282333a7) Importer(815301076,1909f56bfc062723c751e8b465ee728b)
Start importing Assets/Graphics/candy_110/bubble_pop_frame_02.png using Guid(a3158000633be47438f03a05282333a7) Importer(815301076,1909f56bfc062723c751e8b465ee728b)  -> (artifact id: '282bb32f7d787a495fec36f231cfc03c') in 0.016566 seconds 
========================================================================
Received Import Request.
  Time since last request: 0.000340 seconds.
  path: Assets/Graphics/candy_110/bubble_pop_frame_03.png
  artifactKey: Guid(cb32a4ea9def1f94f84a83caa34b396f) Importer(815301076,1909f56bfc062723c751e8b465ee728b)
Start importing Assets/Graphics/candy_110/bubble_pop_frame_03.png using Guid(cb32a4ea9def1f94f84a83caa34b396f) Importer(815301076,1909f56bfc062723c751e8b465ee728b)  -> (artifact id: 'f0cd06cc41bdd414d6faf49edb966f15') in 0.012907 seconds 
========================================================================
Received Import Request.
  Time since last request: 0.000322 seconds.
  path: Assets/Graphics/candy_110/bubble_pop_frame_04.png
  artifactKey: Guid(01861067c04f07a44b26cfa24cab286c) Importer(815301076,1909f56bfc062723c751e8b465ee728b)
Start importing Assets/Graphics/candy_110/bubble_pop_frame_04.png using Guid(01861067c04f07a44b26cfa24cab286c) Importer(815301076,1909f56bfc062723c751e8b465ee728b)  -> (artifact id: '1a33ddcc66005b21e2011a2b38648cb0') in 0.011007 seconds 
AssetImportWorkerClient::OnTransportError - code=2 error=End of file
