Using pre-set license
Built from '2021.1/release' branch; Version is '2021.1.1f1 (6fdc41dfa55a) revision 7330881'; Using compiler version '192528614'; Build Type 'Release'
OS: 'Windows 10 Pro; OS build 22509.1011; Version 2009; 64bit' Language: 'en' Physical Memory: 32552 MB
BatchMode: 1, IsHumanControllingUs: 0, StartBugReporterOnCrash: 0, Is64bit: 1, IsPro: 0

 COMMAND LINE ARGUMENTS:
C:\Program Files\Unity\Hub\Editor\2021.1.1f1\Editor\Unity.exe
-adb2
-batchMode
-noUpm
-name
AssetImportWorker4
-projectPath
C:/Users/dover/Pikoya_InternAssignment
-logFile
Logs/AssetImportWorker4.log
-srvPort
65243
Successfully changed project path to: C:/Users/dover/Pikoya_InternAssignment
C:/Users/dover/Pikoya_InternAssignment
Using Asset Import Pipeline V2.
Refreshing native plugins compatible for Editor in 56.33 ms, found 3 plugins.
Preloading 0 native plugins for Editor in 0.00 ms.
Initialize engine version: 2021.1.1f1 (6fdc41dfa55a)
[Subsystems] Discovering subsystems at path C:/Program Files/Unity/Hub/Editor/2021.1.1f1/Editor/Data/Resources/UnitySubsystems
[Subsystems] Discovering subsystems at path C:/Users/dover/Pikoya_InternAssignment/Assets
GfxDevice: creating device client; threaded=0; jobified=0
Direct3D:
    Version:  Direct3D 11.0 [level 11.1]
    Renderer: NVIDIA GeForce RTX 2070 Super (ID=0x1e91)
    Vendor:   NVIDIA
    VRAM:     8012 MB
    Driver:   27.21.14.5763
Initialize mono
Mono path[0] = 'C:/Program Files/Unity/Hub/Editor/2021.1.1f1/Editor/Data/Managed'
Mono path[1] = 'C:/Program Files/Unity/Hub/Editor/2021.1.1f1/Editor/Data/MonoBleedingEdge/lib/mono/unityjit'
Mono config path = 'C:/Program Files/Unity/Hub/Editor/2021.1.1f1/Editor/Data/MonoBleedingEdge/etc'
Using monoOptions --debugger-agent=transport=dt_socket,embedding=1,server=y,suspend=n,address=127.0.0.1:56220
Begin MonoManager ReloadAssembly
Registering precompiled unity dll's ...
Register platform support module: C:/Program Files/Unity/Hub/Editor/2021.1.1f1/Editor/Data/PlaybackEngines/WebGLSupport/UnityEditor.WebGL.Extensions.dll
Register platform support module: C:/Program Files/Unity/Hub/Editor/2021.1.1f1/Editor/Data/PlaybackEngines/WindowsStandaloneSupport/UnityEditor.WindowsStandalone.Extensions.dll
Registered in 0.002033 seconds.
Native extension for WindowsStandalone target not found
Native extension for WebGL target not found
Refreshing native plugins compatible for Editor in 50.32 ms, found 3 plugins.
Preloading 0 native plugins for Editor in 0.00 ms.
Mono: successfully reloaded assembly
- Completed reload, in  2.305 seconds
Platform modules already initialized, skipping
Registering precompiled user dll's ...
Registered in 0.003966 seconds.
Begin MonoManager ReloadAssembly
Native extension for WindowsStandalone target not found
Native extension for WebGL target not found
Refreshing native plugins compatible for Editor in 49.23 ms, found 3 plugins.
Preloading 0 native plugins for Editor in 0.00 ms.
Mono: successfully reloaded assembly
- Completed reload, in  1.174 seconds
Platform modules already initialized, skipping
========================================================================
Worker process is ready to serve import requests
Launched and connected shader compiler UnityShaderCompiler.exe after 0.04 seconds
Refreshing native plugins compatible for Editor in 0.55 ms, found 3 plugins.
Preloading 0 native plugins for Editor in 0.00 ms.
Unloading 2376 Unused Serialized files (Serialized files now loaded: 0)
System memory in use before: 110.0 MB.
System memory in use after: 110.2 MB.

Unloading 41 unused Assets to reduce memory usage. Loaded Objects now: 2824.
Total: 2.394400 ms (FindLiveObjects: 0.220400 ms CreateObjectMapping: 0.155700 ms MarkObjects: 1.961000 ms  DeleteObjects: 0.056300 ms)

========================================================================
Received Import Request.
  path: Assets
  artifactKey: Guid(00000000000000001000000000000000) Importer(815301076,1909f56bfc062723c751e8b465ee728b)
Start importing Assets using Guid(00000000000000001000000000000000) Importer(815301076,1909f56bfc062723c751e8b465ee728b)  -> (artifact id: '98ffa0a5e8f73f3457f64fc720c11ab1') in 0.004481 seconds 
========================================================================
Received Import Request.
  Time since last request: 10.559167 seconds.
  path: Assets/_AB2-Project
  artifactKey: Guid(788b26ee01c00be49ab497fed2e49c6f) Importer(815301076,1909f56bfc062723c751e8b465ee728b)
Start importing Assets/_AB2-Project using Guid(788b26ee01c00be49ab497fed2e49c6f) Importer(815301076,1909f56bfc062723c751e8b465ee728b)  -> (artifact id: '95f1da12058d1c1558fe4f384fda3c93') in 0.002990 seconds 
========================================================================
Received Import Request.
  Time since last request: 9.353811 seconds.
  path: Assets/Fog
  artifactKey: Guid(95335ba1b73596e40aba6658fd9fc67f) Importer(815301076,1909f56bfc062723c751e8b465ee728b)
Start importing Assets/Fog using Guid(95335ba1b73596e40aba6658fd9fc67f) Importer(815301076,1909f56bfc062723c751e8b465ee728b)  -> (artifact id: '449f5cbc4cffbcad3aa405f8758b729f') in 0.002454 seconds 
========================================================================
Received Import Request.
  Time since last request: 0.038343 seconds.
  path: Assets/Fog/Fog.mat
  artifactKey: Guid(468ae8a3af7cfd94fafbc22f80e90b1d) Importer(815301076,1909f56bfc062723c751e8b465ee728b)
Start importing Assets/Fog/Fog.mat using Guid(468ae8a3af7cfd94fafbc22f80e90b1d) Importer(815301076,1909f56bfc062723c751e8b465ee728b)  -> (artifact id: '547cad1178497bcdf2cbb0ed1583a293') in 0.112028 seconds 
========================================================================
Received Import Request.
  Time since last request: 0.000295 seconds.
  path: Assets/Fog/ParticleCloudWhite.png
  artifactKey: Guid(c50a90513b1de2d4e9b0c792338838da) Importer(815301076,1909f56bfc062723c751e8b465ee728b)
Start importing Assets/Fog/ParticleCloudWhite.png using Guid(c50a90513b1de2d4e9b0c792338838da) Importer(815301076,1909f56bfc062723c751e8b465ee728b)  -> (artifact id: '8486e53d3016c96d70f0f5e7c4290918') in 0.017106 seconds 
========================================================================
Received Import Request.
  Time since last request: 169.487039 seconds.
  path: Assets/Prefabs/UICanvas.prefab
  artifactKey: Guid(bb3cc89063c6bf94c9d29a3198f7ef1e) Importer(815301076,1909f56bfc062723c751e8b465ee728b)
Start importing Assets/Prefabs/UICanvas.prefab using Guid(bb3cc89063c6bf94c9d29a3198f7ef1e) Importer(815301076,1909f56bfc062723c751e8b465ee728b)  -> (artifact id: 'b0106bb75d6d6634d3fc8fe678e88383') in 0.069458 seconds 
========================================================================
Received Import Request.
  Time since last request: 6.408693 seconds.
  path: Assets/Editor
  artifactKey: Guid(d98ad1674ee8d5040ad22d07feddcab5) Importer(815301076,1909f56bfc062723c751e8b465ee728b)
Start importing Assets/Editor using Guid(d98ad1674ee8d5040ad22d07feddcab5) Importer(815301076,1909f56bfc062723c751e8b465ee728b)  -> (artifact id: '25aa3f2c46f45a6c6180ea12e1e6dfa7') in 0.002308 seconds 
========================================================================
Received Import Request.
  Time since last request: 0.784684 seconds.
  path: Assets/Editor/com.unity.mobile.notifications
  artifactKey: Guid(8d94ea3741ad8d344a76cca0aa62f67e) Importer(815301076,1909f56bfc062723c751e8b465ee728b)
Start importing Assets/Editor/com.unity.mobile.notifications using Guid(8d94ea3741ad8d344a76cca0aa62f67e) Importer(815301076,1909f56bfc062723c751e8b465ee728b)  -> (artifact id: '234ed961af6bf3abb0a7ab02618a4d4a') in 0.002926 seconds 
========================================================================
Received Import Request.
  Time since last request: 0.045743 seconds.
  path: Assets/Editor/com.unity.mobile.notifications/NotificationSettings.asset
  artifactKey: Guid(4cee8bca36f2ab74b8feb832747fa6f4) Importer(815301076,1909f56bfc062723c751e8b465ee728b)
Start importing Assets/Editor/com.unity.mobile.notifications/NotificationSettings.asset using Guid(4cee8bca36f2ab74b8feb832747fa6f4) Importer(815301076,1909f56bfc062723c751e8b465ee728b)  -> (artifact id: '064172811c1f81b2336ab84a1b2219ad') in 0.005709 seconds 
========================================================================
Received Import Request.
  Time since last request: 97.052078 seconds.
  path: Assets/StageFog.prefab
  artifactKey: Guid(f0674447a7f7c624197596d2c5638967) Importer(815301076,1909f56bfc062723c751e8b465ee728b)
Start importing Assets/StageFog.prefab using Guid(f0674447a7f7c624197596d2c5638967) Importer(815301076,1909f56bfc062723c751e8b465ee728b)  -> (artifact id: '9915c0353cc786ae32133d28fcb661c3') in 0.006452 seconds 
========================================================================
Received Import Request.
  Time since last request: 3.965218 seconds.
  path: Assets/_AB2-Project
  artifactKey: Guid(2ab2ef64ff522a84789c1e57d5396501) Importer(815301076,1909f56bfc062723c751e8b465ee728b)
Start importing Assets/_AB2-Project using Guid(2ab2ef64ff522a84789c1e57d5396501) Importer(815301076,1909f56bfc062723c751e8b465ee728b)  -> (artifact id: 'faa5c6848636d54dc16d3f29b36bc2f4') in 0.002730 seconds 
========================================================================
Received Import Request.
  Time since last request: 72.504685 seconds.
  path: Assets/Animations/GameOverShow.anim
  artifactKey: Guid(dd25b0939b244c14bae4bb7c453f95f7) Importer(815301076,1909f56bfc062723c751e8b465ee728b)
Start importing Assets/Animations/GameOverShow.anim using Guid(dd25b0939b244c14bae4bb7c453f95f7) Importer(815301076,1909f56bfc062723c751e8b465ee728b)  -> (artifact id: '39a7e77bbd2870a48dc72048e15dd878') in 0.004743 seconds 
========================================================================
Received Prepare
Registering precompiled user dll's ...
Registered in 0.004423 seconds.
Begin MonoManager ReloadAssembly
Native extension for WindowsStandalone target not found
Native extension for WebGL target not found
Refreshing native plugins compatible for Editor in 0.63 ms, found 3 plugins.
Preloading 0 native plugins for Editor in 0.00 ms.
Mono: successfully reloaded assembly
- Completed reload, in  1.048 seconds
Platform modules already initialized, skipping
Refreshing native plugins compatible for Editor in 0.54 ms, found 3 plugins.
Preloading 0 native plugins for Editor in 0.00 ms.
Unloading 2353 Unused Serialized files (Serialized files now loaded: 0)
System memory in use before: 112.6 MB.
System memory in use after: 112.9 MB.

Unloading 30 unused Assets to reduce memory usage. Loaded Objects now: 2883.
Total: 2.347000 ms (FindLiveObjects: 0.194700 ms CreateObjectMapping: 0.101500 ms MarkObjects: 2.033500 ms  DeleteObjects: 0.016500 ms)

========================================================================
Received Import Request.
  Time since last request: 932.712094 seconds.
  path: Assets/TextMesh Pro/Examples & Extras/Textures/Brushed Metal 3.jpg
  artifactKey: Guid(f88677df267a41d6be1e7a6133e7d227) Importer(815301076,1909f56bfc062723c751e8b465ee728b)
Start importing Assets/TextMesh Pro/Examples & Extras/Textures/Brushed Metal 3.jpg using Guid(f88677df267a41d6be1e7a6133e7d227) Importer(815301076,1909f56bfc062723c751e8b465ee728b)  -> (artifact id: 'fd83c2b85a0bffb62f5cce35438a0512') in 0.075909 seconds 
========================================================================
Received Import Request.
  Time since last request: 0.893365 seconds.
  path: Assets/TextMesh Pro/Examples & Extras/Sprites/Default Sprites.png
  artifactKey: Guid(a0fc465d6cf04254a2938578735e2383) Importer(815301076,1909f56bfc062723c751e8b465ee728b)
Start importing Assets/TextMesh Pro/Examples & Extras/Sprites/Default Sprites.png using Guid(a0fc465d6cf04254a2938578735e2383) Importer(815301076,1909f56bfc062723c751e8b465ee728b)  -> (artifact id: '8f222b373653500d265fafa0139a6e5b') in 0.009555 seconds 
========================================================================
Received Import Request.
  Time since last request: 0.000439 seconds.
  path: Assets/TextMesh Pro/Examples & Extras/Sprites/DropCap Numbers.psd
  artifactKey: Guid(fd09957580ac4326916010f1f260975b) Importer(815301076,1909f56bfc062723c751e8b465ee728b)
Start importing Assets/TextMesh Pro/Examples & Extras/Sprites/DropCap Numbers.psd using Guid(fd09957580ac4326916010f1f260975b) Importer(815301076,1909f56bfc062723c751e8b465ee728b)  -> (artifact id: '4effb5644b09d473ac80a84e6d99c883') in 0.011764 seconds 
========================================================================
Received Import Request.
  Time since last request: 0.000460 seconds.
  path: Assets/TextMesh Pro/Sprites/EmojiOne.png
  artifactKey: Guid(dffef66376be4fa480fb02b19edbe903) Importer(815301076,1909f56bfc062723c751e8b465ee728b)
Start importing Assets/TextMesh Pro/Sprites/EmojiOne.png using Guid(dffef66376be4fa480fb02b19edbe903) Importer(815301076,1909f56bfc062723c751e8b465ee728b)  -> (artifact id: '7fd40f421a34800cc98eef5eb1df7481') in 0.009092 seconds 
========================================================================
Received Import Request.
  Time since last request: 0.000369 seconds.
  path: Assets/TextMesh Pro/Examples & Extras/Textures/Floor Cement.jpg
  artifactKey: Guid(283f897e4925411ebbaa758b4cb13fc2) Importer(815301076,1909f56bfc062723c751e8b465ee728b)
Start importing Assets/TextMesh Pro/Examples & Extras/Textures/Floor Cement.jpg using Guid(283f897e4925411ebbaa758b4cb13fc2) Importer(815301076,1909f56bfc062723c751e8b465ee728b)  -> (artifact id: '20e0cd202c7dccb6577bf01f7bbf3322') in 0.008823 seconds 
========================================================================
Received Import Request.
  Time since last request: 0.000371 seconds.
  path: Assets/TextMesh Pro/Examples & Extras/Textures/Floor Tiles 1 - diffuse.jpg
  artifactKey: Guid(85ac55597b97403c82fc6601a93cf241) Importer(815301076,1909f56bfc062723c751e8b465ee728b)
Start importing Assets/TextMesh Pro/Examples & Extras/Textures/Floor Tiles 1 - diffuse.jpg using Guid(85ac55597b97403c82fc6601a93cf241) Importer(815301076,1909f56bfc062723c751e8b465ee728b)  -> (artifact id: '2b1b58e008c2baf856ee821834be933a') in 0.009007 seconds 
========================================================================
Received Import Request.
  Time since last request: 0.002154 seconds.
  path: Assets/TextMesh Pro/Examples & Extras/Textures/Fruit Jelly (B&W).jpg
  artifactKey: Guid(1cdc5b506b1a4a33a53c30669ced1f51) Importer(815301076,1909f56bfc062723c751e8b465ee728b)
Start importing Assets/TextMesh Pro/Examples & Extras/Textures/Fruit Jelly (B&W).jpg using Guid(1cdc5b506b1a4a33a53c30669ced1f51) Importer(815301076,1909f56bfc062723c751e8b465ee728b)  -> (artifact id: '553f5af685dba0dca180f9fb5a5f74af') in 0.008551 seconds 
========================================================================
Received Import Request.
  Time since last request: 0.000356 seconds.
  path: Assets/TextMesh Pro/Examples & Extras/Textures/Gradient Vertical (Color).jpg
  artifactKey: Guid(03d0538de6e24c0f819bfc9ce084dfa9) Importer(815301076,1909f56bfc062723c751e8b465ee728b)
Start importing Assets/TextMesh Pro/Examples & Extras/Textures/Gradient Vertical (Color).jpg using Guid(03d0538de6e24c0f819bfc9ce084dfa9) Importer(815301076,1909f56bfc062723c751e8b465ee728b)  -> (artifact id: 'e4e5fe3edc4ca336c45dda026378761d') in 0.007293 seconds 
========================================================================
Received Import Request.
  Time since last request: 0.000346 seconds.
  path: Assets/TextMesh Pro/Examples & Extras/Textures/Gradient Diagonal (Color).jpg
  artifactKey: Guid(2ce5c55e85304b819a1826ecbc839aa5) Importer(815301076,1909f56bfc062723c751e8b465ee728b)
Start importing Assets/TextMesh Pro/Examples & Extras/Textures/Gradient Diagonal (Color).jpg using Guid(2ce5c55e85304b819a1826ecbc839aa5) Importer(815301076,1909f56bfc062723c751e8b465ee728b)  -> (artifact id: '2dad4f8103dd543275aa6b494da588c5') in 0.006992 seconds 
========================================================================
Received Import Request.
  Time since last request: 0.000352 seconds.
  path: Assets/TextMesh Pro/Examples & Extras/Textures/Gradient Horizontal (Color).jpg
  artifactKey: Guid(6eb184de103d4b3f812b38561065192f) Importer(815301076,1909f56bfc062723c751e8b465ee728b)
Start importing Assets/TextMesh Pro/Examples & Extras/Textures/Gradient Horizontal (Color).jpg using Guid(6eb184de103d4b3f812b38561065192f) Importer(815301076,1909f56bfc062723c751e8b465ee728b)  -> (artifact id: '128602953515e668b2ed9a2bf68a8918') in 0.006838 seconds 
========================================================================
Received Import Request.
  Time since last request: 0.015793 seconds.
  path: Assets/TextMesh Pro/Resources/Fonts & Materials/LiberationSans SDF - Fallback.asset
  artifactKey: Guid(2e498d1c8094910479dc3e1b768306a4) Importer(815301076,1909f56bfc062723c751e8b465ee728b)
Start importing Assets/TextMesh Pro/Resources/Fonts & Materials/LiberationSans SDF - Fallback.asset using Guid(2e498d1c8094910479dc3e1b768306a4) Importer(815301076,1909f56bfc062723c751e8b465ee728b)  -> (artifact id: '5874f0fb79eb4e2a4a5c8f59f521829a') in 0.067817 seconds 
========================================================================
Received Import Request.
  Time since last request: 0.000403 seconds.
  path: Assets/TextMesh Pro/Examples & Extras/Textures/Small Crate_normal.jpg
  artifactKey: Guid(8878a782f4334ecbbcf683b3ac780966) Importer(815301076,1909f56bfc062723c751e8b465ee728b)
Start importing Assets/TextMesh Pro/Examples & Extras/Textures/Small Crate_normal.jpg using Guid(8878a782f4334ecbbcf683b3ac780966) Importer(815301076,1909f56bfc062723c751e8b465ee728b)  -> (artifact id: '24a8173553955365f7be15d956a15dcc') in 0.012240 seconds 
========================================================================
Received Import Request.
  Time since last request: 0.000395 seconds.
  path: Assets/TextMesh Pro/Examples & Extras/Resources/Fonts & Materials/Roboto-Bold SDF.asset
  artifactKey: Guid(5302535af1044152a457ed104f1f4b91) Importer(815301076,1909f56bfc062723c751e8b465ee728b)
Start importing Assets/TextMesh Pro/Examples & Extras/Resources/Fonts & Materials/Roboto-Bold SDF.asset using Guid(5302535af1044152a457ed104f1f4b91) Importer(815301076,1909f56bfc062723c751e8b465ee728b)  -> (artifact id: 'ea15f1cb0c631db1d7ce428079ceb1ce') in 0.027354 seconds 
========================================================================
Received Import Request.
  Time since last request: 0.000397 seconds.
  path: Assets/TextMesh Pro/Examples & Extras/Textures/Text Overflow - Linked Text UI Screenshot.png
  artifactKey: Guid(c76d18757a194d618355f05f815cb0a1) Importer(815301076,1909f56bfc062723c751e8b465ee728b)
Start importing Assets/TextMesh Pro/Examples & Extras/Textures/Text Overflow - Linked Text UI Screenshot.png using Guid(c76d18757a194d618355f05f815cb0a1) Importer(815301076,1909f56bfc062723c751e8b465ee728b)  -> (artifact id: '81ea89e3c302f57a6e141132d0b4ea86') in 0.013165 seconds 
========================================================================
Received Import Request.
  Time since last request: 0.000360 seconds.
  path: Assets/TextMesh Pro/Examples & Extras/Textures/Text Overflow - Linked Text Image 1.png
  artifactKey: Guid(4ccf43d26c4748c792174516f4a8fcef) Importer(815301076,1909f56bfc062723c751e8b465ee728b)
Start importing Assets/TextMesh Pro/Examples & Extras/Textures/Text Overflow - Linked Text Image 1.png using Guid(4ccf43d26c4748c792174516f4a8fcef) Importer(815301076,1909f56bfc062723c751e8b465ee728b)  -> (artifact id: '309cb3eca8324dc3b70192b0e0c0cb2f') in 0.008303 seconds 
========================================================================
Received Import Request.
  Time since last request: 0.000368 seconds.
  path: Assets/TextMesh Pro/Examples & Extras/Textures/Small Crate_diffuse.jpg
  artifactKey: Guid(602cb87b6a29443b8636370ea0751574) Importer(815301076,1909f56bfc062723c751e8b465ee728b)
Start importing Assets/TextMesh Pro/Examples & Extras/Textures/Small Crate_diffuse.jpg using Guid(602cb87b6a29443b8636370ea0751574) Importer(815301076,1909f56bfc062723c751e8b465ee728b)  -> (artifact id: 'd65af7961de9093c429b37b3582ac9ce') in 0.009035 seconds 
========================================================================
Received Import Request.
  Time since last request: 0.000388 seconds.
  path: Assets/TextMesh Pro/Examples & Extras/Textures/Wipe Pattern - Radial Quad.psd
  artifactKey: Guid(2b5e9ae96c5644d8bae932f8b4ca68a2) Importer(815301076,1909f56bfc062723c751e8b465ee728b)
Start importing Assets/TextMesh Pro/Examples & Extras/Textures/Wipe Pattern - Radial Quad.psd using Guid(2b5e9ae96c5644d8bae932f8b4ca68a2) Importer(815301076,1909f56bfc062723c751e8b465ee728b)  -> (artifact id: '439f7e01cb41e503aad543d78f6a646d') in 0.007496 seconds 
========================================================================
Received Import Request.
  Time since last request: 0.000396 seconds.
  path: Assets/TextMesh Pro/Examples & Extras/Textures/Wipe Pattern - Circle.psd
  artifactKey: Guid(10c49fcd9c64421db7c0133e61e55f97) Importer(815301076,1909f56bfc062723c751e8b465ee728b)
Start importing Assets/TextMesh Pro/Examples & Extras/Textures/Wipe Pattern - Circle.psd using Guid(10c49fcd9c64421db7c0133e61e55f97) Importer(815301076,1909f56bfc062723c751e8b465ee728b)  -> (artifact id: 'dbc1bd17ca1bc86f2123f568a60aa7c2') in 0.007022 seconds 
========================================================================
Received Import Request.
  Time since last request: 0.000357 seconds.
  path: Assets/TextMesh Pro/Examples & Extras/Textures/Sunny Days - Seamless.jpg
  artifactKey: Guid(17c350171f7a3ca479f830547c66d187) Importer(815301076,1909f56bfc062723c751e8b465ee728b)
Start importing Assets/TextMesh Pro/Examples & Extras/Textures/Sunny Days - Seamless.jpg using Guid(17c350171f7a3ca479f830547c66d187) Importer(815301076,1909f56bfc062723c751e8b465ee728b)  -> (artifact id: '2470440d331122db266d3b547c28ce83') in 0.007892 seconds 
========================================================================
Received Import Request.
  Time since last request: 0.000327 seconds.
  path: Assets/TextMesh Pro/Examples & Extras/Textures/Wipe Pattern - Diagonal.psd
  artifactKey: Guid(ed5290d8df18488780e2996b9b882f01) Importer(815301076,1909f56bfc062723c751e8b465ee728b)
Start importing Assets/TextMesh Pro/Examples & Extras/Textures/Wipe Pattern - Diagonal.psd using Guid(ed5290d8df18488780e2996b9b882f01) Importer(815301076,1909f56bfc062723c751e8b465ee728b)  -> (artifact id: 'a117332bfd83ef707fc71cdbb030b199') in 0.015595 seconds 
========================================================================
Received Import Request.
  Time since last request: 0.000350 seconds.
  path: Assets/TextMesh Pro/Examples & Extras/Textures/Wipe Pattern - Radial Double.psd
  artifactKey: Guid(7631f4eff8f74ed38eb3eb9db17134e1) Importer(815301076,1909f56bfc062723c751e8b465ee728b)
Start importing Assets/TextMesh Pro/Examples & Extras/Textures/Wipe Pattern - Radial Double.psd using Guid(7631f4eff8f74ed38eb3eb9db17134e1) Importer(815301076,1909f56bfc062723c751e8b465ee728b)  -> (artifact id: 'd2dc5ac24eadc15f66c532f08a84355b') in 0.008490 seconds 
========================================================================
Received Import Request.
  Time since last request: 0.000423 seconds.
  path: Assets/TextMesh Pro/Examples & Extras/Textures/Mask Zig-n-Zag.psd
  artifactKey: Guid(bb8dfcd263ad4eb383a33d74a720be6f) Importer(815301076,1909f56bfc062723c751e8b465ee728b)
Start importing Assets/TextMesh Pro/Examples & Extras/Textures/Mask Zig-n-Zag.psd using Guid(bb8dfcd263ad4eb383a33d74a720be6f) Importer(815301076,1909f56bfc062723c751e8b465ee728b)  -> (artifact id: 'e6a60250e8891047ad5f80b76e5206c8') in 0.007348 seconds 
========================================================================
Received Import Request.
  Time since last request: 0.000391 seconds.
  path: Assets/TextMesh Pro/Examples & Extras/Resources/Fonts & Materials/Oswald Bold SDF.asset
  artifactKey: Guid(0161d805a3764c089bef00bfe00793f5) Importer(815301076,1909f56bfc062723c751e8b465ee728b)
Start importing Assets/TextMesh Pro/Examples & Extras/Resources/Fonts & Materials/Oswald Bold SDF.asset using Guid(0161d805a3764c089bef00bfe00793f5) Importer(815301076,1909f56bfc062723c751e8b465ee728b)  -> (artifact id: 'b76e88d261f8d33fb7a78444fe2bcd5e') in 0.025998 seconds 
========================================================================
Received Import Request.
  Time since last request: 293.665611 seconds.
  path: Assets/Prefabs/UICanvas.prefab
  artifactKey: Guid(bb3cc89063c6bf94c9d29a3198f7ef1e) Importer(815301076,1909f56bfc062723c751e8b465ee728b)
Start importing Assets/Prefabs/UICanvas.prefab using Guid(bb3cc89063c6bf94c9d29a3198f7ef1e) Importer(815301076,1909f56bfc062723c751e8b465ee728b)  -> (artifact id: 'd8dd8a66bf3df9f640fcc6674fb3c8aa') in 0.048056 seconds 
========================================================================
Received Import Request.
  Time since last request: 2.001007 seconds.
  path: Assets/Prefabs/StageFog.prefab
  artifactKey: Guid(181c0c06d2fdbf34d97aa8a7c27e9d7e) Importer(815301076,1909f56bfc062723c751e8b465ee728b)
Start importing Assets/Prefabs/StageFog.prefab using Guid(181c0c06d2fdbf34d97aa8a7c27e9d7e) Importer(815301076,1909f56bfc062723c751e8b465ee728b)  -> (artifact id: 'aea47fe21aba6602b428971a76ba348a') in 0.003899 seconds 
========================================================================
Received Import Request.
  Time since last request: 0.132115 seconds.
  path: Assets/Prefabs/UICanvas.prefab
  artifactKey: Guid(bb3cc89063c6bf94c9d29a3198f7ef1e) Importer(815301076,1909f56bfc062723c751e8b465ee728b)
Start importing Assets/Prefabs/UICanvas.prefab using Guid(bb3cc89063c6bf94c9d29a3198f7ef1e) Importer(815301076,1909f56bfc062723c751e8b465ee728b)  -> (artifact id: '6ab693bb2c7a88a9e567956b0f09762a') in 0.023534 seconds 
========================================================================
Received Import Request.
  Time since last request: 1.977995 seconds.
  path: Assets/Prefabs/UICanvas.prefab
  artifactKey: Guid(bb3cc89063c6bf94c9d29a3198f7ef1e) Importer(815301076,1909f56bfc062723c751e8b465ee728b)
Start importing Assets/Prefabs/UICanvas.prefab using Guid(bb3cc89063c6bf94c9d29a3198f7ef1e) Importer(815301076,1909f56bfc062723c751e8b465ee728b)  -> (artifact id: '80cce55eed565f034089a6f33cb9ea98') in 0.023927 seconds 
========================================================================
Received Import Request.
  Time since last request: 6.015947 seconds.
  path: Assets/Prefabs/StageFog.prefab
  artifactKey: Guid(181c0c06d2fdbf34d97aa8a7c27e9d7e) Importer(815301076,1909f56bfc062723c751e8b465ee728b)
Start importing Assets/Prefabs/StageFog.prefab using Guid(181c0c06d2fdbf34d97aa8a7c27e9d7e) Importer(815301076,1909f56bfc062723c751e8b465ee728b)  -> (artifact id: 'd8eeeecb085513a0a7a2b8f0784bc938') in 0.003941 seconds 
========================================================================
Received Import Request.
  Time since last request: 2137.913429 seconds.
  path: Assets/Prefabs/Particle System.prefab
  artifactKey: Guid(b33f6f48f0919f149958eafc563ff229) Importer(815301076,1909f56bfc062723c751e8b465ee728b)
Start importing Assets/Prefabs/Particle System.prefab using Guid(b33f6f48f0919f149958eafc563ff229) Importer(815301076,1909f56bfc062723c751e8b465ee728b)  -> (artifact id: '3389c49e38c37e61ca5dc886948c7cb8') in 0.005069 seconds 
========================================================================
Received Import Request.
  Time since last request: 14.110437 seconds.
  path: Assets/Scenes/Level1.unity
  artifactKey: Guid(941025acae190024abe3eab52601c6ea) Importer(815301076,1909f56bfc062723c751e8b465ee728b)
Start importing Assets/Scenes/Level1.unity using Guid(941025acae190024abe3eab52601c6ea) Importer(815301076,1909f56bfc062723c751e8b465ee728b)  -> (artifact id: '6b70ad3705fb92a5f4842d46d42925ab') in 0.003509 seconds 
========================================================================
Received Import Request.
  Time since last request: 3.608136 seconds.
  path: Assets/Scenes/Level1.unity
  artifactKey: Guid(941025acae190024abe3eab52601c6ea) Importer(815301076,1909f56bfc062723c751e8b465ee728b)
Start importing Assets/Scenes/Level1.unity using Guid(941025acae190024abe3eab52601c6ea) Importer(815301076,1909f56bfc062723c751e8b465ee728b)  -> (artifact id: '12152830959078b174ebc06baf40101f') in 0.002164 seconds 
========================================================================
Received Import Request.
  Time since last request: 14.033397 seconds.
  path: Assets/Scenes/Level3.unity
  artifactKey: Guid(8058083b34cdcfe41a1d090805493870) Importer(815301076,1909f56bfc062723c751e8b465ee728b)
Start importing Assets/Scenes/Level3.unity using Guid(8058083b34cdcfe41a1d090805493870) Importer(815301076,1909f56bfc062723c751e8b465ee728b)  -> (artifact id: '36e38c0d1bf31b0e388205a99caafc87') in 0.003210 seconds 
========================================================================
Received Import Request.
  Time since last request: 21.858177 seconds.
  path: Assets/Scenes/Level2.unity
  artifactKey: Guid(7189ae86796d07c4d8e0297a565ea9f9) Importer(815301076,1909f56bfc062723c751e8b465ee728b)
Start importing Assets/Scenes/Level2.unity using Guid(7189ae86796d07c4d8e0297a565ea9f9) Importer(815301076,1909f56bfc062723c751e8b465ee728b)  -> (artifact id: '5f7ae5cf6a8907cd15b00ae94a8d6743') in 0.003367 seconds 
========================================================================
Received Import Request.
  Time since last request: 2.738979 seconds.
  path: Assets/Scenes/Level3.unity
  artifactKey: Guid(8058083b34cdcfe41a1d090805493870) Importer(815301076,1909f56bfc062723c751e8b465ee728b)
Start importing Assets/Scenes/Level3.unity using Guid(8058083b34cdcfe41a1d090805493870) Importer(815301076,1909f56bfc062723c751e8b465ee728b)  -> (artifact id: '4c742fc806c71303be588c5a74a5db58') in 0.003072 seconds 
========================================================================
Received Import Request.
  Time since last request: 8.621273 seconds.
  path: Assets/Scenes/Level1.unity
  artifactKey: Guid(941025acae190024abe3eab52601c6ea) Importer(815301076,1909f56bfc062723c751e8b465ee728b)
Start importing Assets/Scenes/Level1.unity using Guid(941025acae190024abe3eab52601c6ea) Importer(815301076,1909f56bfc062723c751e8b465ee728b)  -> (artifact id: '56a6c4036e2caaa50f85dae805f07982') in 0.004476 seconds 
========================================================================
Received Prepare
Registering precompiled user dll's ...
Registered in 0.004984 seconds.
Begin MonoManager ReloadAssembly
Native extension for WindowsStandalone target not found
Native extension for WebGL target not found
Refreshing native plugins compatible for Editor in 0.60 ms, found 3 plugins.
Preloading 0 native plugins for Editor in 0.00 ms.
Mono: successfully reloaded assembly
- Completed reload, in  1.193 seconds
Platform modules already initialized, skipping
Refreshing native plugins compatible for Editor in 0.65 ms, found 3 plugins.
Preloading 0 native plugins for Editor in 0.00 ms.
Unloading 2375 Unused Serialized files (Serialized files now loaded: 0)
System memory in use before: 127.8 MB.
System memory in use after: 128.1 MB.

Unloading 30 unused Assets to reduce memory usage. Loaded Objects now: 3239.
Total: 2.214500 ms (FindLiveObjects: 0.193600 ms CreateObjectMapping: 0.092500 ms MarkObjects: 1.909300 ms  DeleteObjects: 0.018500 ms)

========================================================================
Received Prepare
Registering precompiled user dll's ...
Registered in 0.005807 seconds.
Begin MonoManager ReloadAssembly
Native extension for WindowsStandalone target not found
Native extension for WebGL target not found
Refreshing native plugins compatible for Editor in 0.64 ms, found 3 plugins.
Preloading 0 native plugins for Editor in 0.00 ms.
Mono: successfully reloaded assembly
- Completed reload, in  1.187 seconds
Platform modules already initialized, skipping
Refreshing native plugins compatible for Editor in 0.67 ms, found 3 plugins.
Preloading 0 native plugins for Editor in 0.00 ms.
Unloading 2352 Unused Serialized files (Serialized files now loaded: 0)
System memory in use before: 127.2 MB.
System memory in use after: 127.4 MB.

Unloading 30 unused Assets to reduce memory usage. Loaded Objects now: 3241.
Total: 2.490200 ms (FindLiveObjects: 0.229500 ms CreateObjectMapping: 0.126000 ms MarkObjects: 2.116300 ms  DeleteObjects: 0.017300 ms)

========================================================================
Received Prepare
Registering precompiled user dll's ...
Registered in 0.005055 seconds.
Begin MonoManager ReloadAssembly
Native extension for WindowsStandalone target not found
Native extension for WebGL target not found
Refreshing native plugins compatible for Editor in 0.55 ms, found 3 plugins.
Preloading 0 native plugins for Editor in 0.00 ms.
Mono: successfully reloaded assembly
- Completed reload, in  1.107 seconds
Platform modules already initialized, skipping
Refreshing native plugins compatible for Editor in 0.54 ms, found 3 plugins.
Preloading 0 native plugins for Editor in 0.00 ms.
Unloading 2352 Unused Serialized files (Serialized files now loaded: 0)
System memory in use before: 127.2 MB.
System memory in use after: 127.4 MB.

Unloading 30 unused Assets to reduce memory usage. Loaded Objects now: 3243.
Total: 2.578300 ms (FindLiveObjects: 0.236900 ms CreateObjectMapping: 0.114800 ms MarkObjects: 2.208100 ms  DeleteObjects: 0.017800 ms)

========================================================================
Received Prepare
Registering precompiled user dll's ...
Registered in 0.004984 seconds.
Begin MonoManager ReloadAssembly
Native extension for WindowsStandalone target not found
Native extension for WebGL target not found
Refreshing native plugins compatible for Editor in 0.56 ms, found 3 plugins.
Preloading 0 native plugins for Editor in 0.00 ms.
Mono: successfully reloaded assembly
- Completed reload, in  1.099 seconds
Platform modules already initialized, skipping
Refreshing native plugins compatible for Editor in 0.56 ms, found 3 plugins.
Preloading 0 native plugins for Editor in 0.00 ms.
Unloading 2352 Unused Serialized files (Serialized files now loaded: 0)
System memory in use before: 127.1 MB.
System memory in use after: 127.3 MB.

Unloading 30 unused Assets to reduce memory usage. Loaded Objects now: 3245.
Total: 2.452100 ms (FindLiveObjects: 0.267200 ms CreateObjectMapping: 0.128400 ms MarkObjects: 2.038000 ms  DeleteObjects: 0.017500 ms)

========================================================================
Received Prepare
Registering precompiled user dll's ...
Registered in 0.004865 seconds.
Begin MonoManager ReloadAssembly
Native extension for WindowsStandalone target not found
Native extension for WebGL target not found
Refreshing native plugins compatible for Editor in 0.67 ms, found 3 plugins.
Preloading 0 native plugins for Editor in 0.00 ms.
Mono: successfully reloaded assembly
- Completed reload, in  1.096 seconds
Platform modules already initialized, skipping
Refreshing native plugins compatible for Editor in 0.56 ms, found 3 plugins.
Preloading 0 native plugins for Editor in 0.00 ms.
Unloading 2352 Unused Serialized files (Serialized files now loaded: 0)
System memory in use before: 127.2 MB.
System memory in use after: 127.4 MB.

Unloading 30 unused Assets to reduce memory usage. Loaded Objects now: 3247.
Total: 2.377600 ms (FindLiveObjects: 0.215800 ms CreateObjectMapping: 0.106800 ms MarkObjects: 2.036500 ms  DeleteObjects: 0.017800 ms)

========================================================================
Received Prepare
Registering precompiled user dll's ...
Registered in 0.004940 seconds.
Begin MonoManager ReloadAssembly
Native extension for WindowsStandalone target not found
Native extension for WebGL target not found
Refreshing native plugins compatible for Editor in 0.59 ms, found 3 plugins.
Preloading 0 native plugins for Editor in 0.00 ms.
Mono: successfully reloaded assembly
- Completed reload, in  1.179 seconds
Platform modules already initialized, skipping
Refreshing native plugins compatible for Editor in 0.72 ms, found 3 plugins.
Preloading 0 native plugins for Editor in 0.00 ms.
Unloading 2352 Unused Serialized files (Serialized files now loaded: 0)
System memory in use before: 127.3 MB.
System memory in use after: 127.5 MB.

Unloading 30 unused Assets to reduce memory usage. Loaded Objects now: 3249.
Total: 3.615000 ms (FindLiveObjects: 0.333400 ms CreateObjectMapping: 0.256700 ms MarkObjects: 3.004200 ms  DeleteObjects: 0.019200 ms)

========================================================================
Received Prepare
Registering precompiled user dll's ...
Registered in 0.005052 seconds.
Begin MonoManager ReloadAssembly
Native extension for WindowsStandalone target not found
Native extension for WebGL target not found
Refreshing native plugins compatible for Editor in 0.57 ms, found 3 plugins.
Preloading 0 native plugins for Editor in 0.00 ms.
Mono: successfully reloaded assembly
- Completed reload, in  1.037 seconds
Platform modules already initialized, skipping
Refreshing native plugins compatible for Editor in 0.56 ms, found 3 plugins.
Preloading 0 native plugins for Editor in 0.00 ms.
Unloading 2352 Unused Serialized files (Serialized files now loaded: 0)
System memory in use before: 127.3 MB.
System memory in use after: 127.5 MB.

Unloading 30 unused Assets to reduce memory usage. Loaded Objects now: 3251.
Total: 2.330700 ms (FindLiveObjects: 0.215700 ms CreateObjectMapping: 0.114600 ms MarkObjects: 1.982700 ms  DeleteObjects: 0.016500 ms)

========================================================================
Received Prepare
Registering precompiled user dll's ...
Registered in 0.005021 seconds.
Begin MonoManager ReloadAssembly
Native extension for WindowsStandalone target not found
Native extension for WebGL target not found
Refreshing native plugins compatible for Editor in 0.59 ms, found 3 plugins.
Preloading 0 native plugins for Editor in 0.00 ms.
Mono: successfully reloaded assembly
- Completed reload, in  1.067 seconds
Platform modules already initialized, skipping
Refreshing native plugins compatible for Editor in 0.63 ms, found 3 plugins.
Preloading 0 native plugins for Editor in 0.00 ms.
Unloading 2352 Unused Serialized files (Serialized files now loaded: 0)
System memory in use before: 127.3 MB.
System memory in use after: 127.5 MB.

Unloading 30 unused Assets to reduce memory usage. Loaded Objects now: 3253.
Total: 2.307300 ms (FindLiveObjects: 0.230100 ms CreateObjectMapping: 0.117700 ms MarkObjects: 1.940800 ms  DeleteObjects: 0.018000 ms)

========================================================================
Received Prepare
Registering precompiled user dll's ...
Registered in 0.004756 seconds.
Begin MonoManager ReloadAssembly
Native extension for WindowsStandalone target not found
Native extension for WebGL target not found
Refreshing native plugins compatible for Editor in 0.54 ms, found 3 plugins.
Preloading 0 native plugins for Editor in 0.00 ms.
Mono: successfully reloaded assembly
- Completed reload, in  1.012 seconds
Platform modules already initialized, skipping
Refreshing native plugins compatible for Editor in 0.54 ms, found 3 plugins.
Preloading 0 native plugins for Editor in 0.00 ms.
Unloading 2352 Unused Serialized files (Serialized files now loaded: 0)
System memory in use before: 127.2 MB.
System memory in use after: 127.4 MB.

Unloading 30 unused Assets to reduce memory usage. Loaded Objects now: 3255.
Total: 2.258000 ms (FindLiveObjects: 0.251600 ms CreateObjectMapping: 0.135400 ms MarkObjects: 1.854800 ms  DeleteObjects: 0.015300 ms)

========================================================================
Received Prepare
Registering precompiled user dll's ...
Registered in 0.004705 seconds.
Begin MonoManager ReloadAssembly
Native extension for WindowsStandalone target not found
Native extension for WebGL target not found
Refreshing native plugins compatible for Editor in 0.55 ms, found 3 plugins.
Preloading 0 native plugins for Editor in 0.00 ms.
Mono: successfully reloaded assembly
- Completed reload, in  1.032 seconds
Platform modules already initialized, skipping
Refreshing native plugins compatible for Editor in 0.57 ms, found 3 plugins.
Preloading 0 native plugins for Editor in 0.00 ms.
Unloading 2352 Unused Serialized files (Serialized files now loaded: 0)
System memory in use before: 127.3 MB.
System memory in use after: 127.5 MB.

Unloading 30 unused Assets to reduce memory usage. Loaded Objects now: 3257.
Total: 2.432100 ms (FindLiveObjects: 0.242200 ms CreateObjectMapping: 0.121300 ms MarkObjects: 2.050300 ms  DeleteObjects: 0.017500 ms)

========================================================================
Received Prepare
Registering precompiled user dll's ...
Registered in 0.005117 seconds.
Begin MonoManager ReloadAssembly
Native extension for WindowsStandalone target not found
Native extension for WebGL target not found
Refreshing native plugins compatible for Editor in 0.60 ms, found 3 plugins.
Preloading 0 native plugins for Editor in 0.00 ms.
Mono: successfully reloaded assembly
- Completed reload, in  1.074 seconds
Platform modules already initialized, skipping
Refreshing native plugins compatible for Editor in 0.56 ms, found 3 plugins.
Preloading 0 native plugins for Editor in 0.00 ms.
Unloading 2352 Unused Serialized files (Serialized files now loaded: 0)
System memory in use before: 127.3 MB.
System memory in use after: 127.5 MB.

Unloading 30 unused Assets to reduce memory usage. Loaded Objects now: 3259.
Total: 2.650700 ms (FindLiveObjects: 0.243100 ms CreateObjectMapping: 0.142700 ms MarkObjects: 2.247200 ms  DeleteObjects: 0.017000 ms)

========================================================================
Received Prepare
Registering precompiled user dll's ...
Registered in 0.005054 seconds.
Begin MonoManager ReloadAssembly
Native extension for WindowsStandalone target not found
Native extension for WebGL target not found
Refreshing native plugins compatible for Editor in 0.59 ms, found 3 plugins.
Preloading 0 native plugins for Editor in 0.00 ms.
Mono: successfully reloaded assembly
- Completed reload, in  1.084 seconds
Platform modules already initialized, skipping
Refreshing native plugins compatible for Editor in 0.55 ms, found 3 plugins.
Preloading 0 native plugins for Editor in 0.00 ms.
Unloading 2352 Unused Serialized files (Serialized files now loaded: 0)
System memory in use before: 127.3 MB.
System memory in use after: 127.5 MB.

Unloading 30 unused Assets to reduce memory usage. Loaded Objects now: 3261.
Total: 2.465300 ms (FindLiveObjects: 0.246200 ms CreateObjectMapping: 0.126700 ms MarkObjects: 2.074100 ms  DeleteObjects: 0.017200 ms)

========================================================================
Received Prepare
Registering precompiled user dll's ...
Registered in 0.004716 seconds.
Begin MonoManager ReloadAssembly
Native extension for WindowsStandalone target not found
Native extension for WebGL target not found
Refreshing native plugins compatible for Editor in 0.53 ms, found 3 plugins.
Preloading 0 native plugins for Editor in 0.00 ms.
Mono: successfully reloaded assembly
- Completed reload, in  1.039 seconds
Platform modules already initialized, skipping
Refreshing native plugins compatible for Editor in 0.68 ms, found 3 plugins.
Preloading 0 native plugins for Editor in 0.00 ms.
Unloading 2352 Unused Serialized files (Serialized files now loaded: 0)
System memory in use before: 127.3 MB.
System memory in use after: 127.6 MB.

Unloading 30 unused Assets to reduce memory usage. Loaded Objects now: 3263.
Total: 2.620400 ms (FindLiveObjects: 0.261200 ms CreateObjectMapping: 0.137100 ms MarkObjects: 2.184400 ms  DeleteObjects: 0.019900 ms)

========================================================================
Received Prepare
Registering precompiled user dll's ...
Registered in 0.005157 seconds.
Begin MonoManager ReloadAssembly
Native extension for WindowsStandalone target not found
Native extension for WebGL target not found
Refreshing native plugins compatible for Editor in 0.58 ms, found 3 plugins.
Preloading 0 native plugins for Editor in 0.00 ms.
Mono: successfully reloaded assembly
- Completed reload, in  1.099 seconds
Platform modules already initialized, skipping
Refreshing native plugins compatible for Editor in 0.56 ms, found 3 plugins.
Preloading 0 native plugins for Editor in 0.00 ms.
Unloading 2352 Unused Serialized files (Serialized files now loaded: 0)
System memory in use before: 127.2 MB.
System memory in use after: 127.5 MB.

Unloading 30 unused Assets to reduce memory usage. Loaded Objects now: 3265.
Total: 2.441400 ms (FindLiveObjects: 0.249300 ms CreateObjectMapping: 0.140200 ms MarkObjects: 2.033600 ms  DeleteObjects: 0.017800 ms)

========================================================================
Received Prepare
Registering precompiled user dll's ...
Registered in 0.004263 seconds.
Begin MonoManager ReloadAssembly
Native extension for WindowsStandalone target not found
Native extension for WebGL target not found
Refreshing native plugins compatible for Editor in 0.55 ms, found 3 plugins.
Preloading 0 native plugins for Editor in 0.00 ms.
Mono: successfully reloaded assembly
- Completed reload, in  1.007 seconds
Platform modules already initialized, skipping
Refreshing native plugins compatible for Editor in 0.54 ms, found 3 plugins.
Preloading 0 native plugins for Editor in 0.00 ms.
Unloading 2352 Unused Serialized files (Serialized files now loaded: 0)
System memory in use before: 127.4 MB.
System memory in use after: 127.7 MB.

Unloading 30 unused Assets to reduce memory usage. Loaded Objects now: 3267.
Total: 3.168600 ms (FindLiveObjects: 0.273000 ms CreateObjectMapping: 0.105000 ms MarkObjects: 2.773600 ms  DeleteObjects: 0.016000 ms)

========================================================================
Received Prepare
Registering precompiled user dll's ...
Registered in 0.004656 seconds.
Begin MonoManager ReloadAssembly
Native extension for WindowsStandalone target not found
Native extension for WebGL target not found
Refreshing native plugins compatible for Editor in 0.61 ms, found 3 plugins.
Preloading 0 native plugins for Editor in 0.00 ms.
Mono: successfully reloaded assembly
- Completed reload, in  1.046 seconds
Platform modules already initialized, skipping
Refreshing native plugins compatible for Editor in 0.55 ms, found 3 plugins.
Preloading 0 native plugins for Editor in 0.00 ms.
Unloading 2352 Unused Serialized files (Serialized files now loaded: 0)
System memory in use before: 127.5 MB.
System memory in use after: 127.7 MB.

Unloading 30 unused Assets to reduce memory usage. Loaded Objects now: 3269.
Total: 2.446400 ms (FindLiveObjects: 0.236500 ms CreateObjectMapping: 0.102900 ms MarkObjects: 2.091300 ms  DeleteObjects: 0.014900 ms)

========================================================================
Received Import Request.
  Time since last request: 2969.250043 seconds.
  path: Assets/Prefabs/BG.prefab
  artifactKey: Guid(bce65b6d5f544654a928537a10afc4d8) Importer(815301076,1909f56bfc062723c751e8b465ee728b)
Start importing Assets/Prefabs/BG.prefab using Guid(bce65b6d5f544654a928537a10afc4d8) Importer(815301076,1909f56bfc062723c751e8b465ee728b)  -> (artifact id: '42df4d1bfa2e1686a08e91e780e0de47') in 0.033637 seconds 
========================================================================
Received Import Request.
  Time since last request: 0.000402 seconds.
  path: Assets/Prefabs/UICanvas.prefab
  artifactKey: Guid(bb3cc89063c6bf94c9d29a3198f7ef1e) Importer(815301076,1909f56bfc062723c751e8b465ee728b)
Start importing Assets/Prefabs/UICanvas.prefab using Guid(bb3cc89063c6bf94c9d29a3198f7ef1e) Importer(815301076,1909f56bfc062723c751e8b465ee728b)  -> (artifact id: '7ac90180a5bbd4fae0c973033cf4de9b') in 0.047242 seconds 
========================================================================
Received Import Request.
  Time since last request: 0.000383 seconds.
  path: Assets/Prefabs/Particle System.prefab
  artifactKey: Guid(b33f6f48f0919f149958eafc563ff229) Importer(815301076,1909f56bfc062723c751e8b465ee728b)
Start importing Assets/Prefabs/Particle System.prefab using Guid(b33f6f48f0919f149958eafc563ff229) Importer(815301076,1909f56bfc062723c751e8b465ee728b)  -> (artifact id: 'a5fea518b62794fcdd41f99712da140d') in 0.006341 seconds 
========================================================================
Received Prepare
Registering precompiled user dll's ...
Registered in 0.004616 seconds.
Begin MonoManager ReloadAssembly
Native extension for WindowsStandalone target not found
Native extension for WebGL target not found
Refreshing native plugins compatible for Editor in 0.64 ms, found 3 plugins.
Preloading 0 native plugins for Editor in 0.00 ms.
Mono: successfully reloaded assembly
- Completed reload, in  1.048 seconds
Platform modules already initialized, skipping
Refreshing native plugins compatible for Editor in 0.51 ms, found 3 plugins.
Preloading 0 native plugins for Editor in 0.00 ms.
Unloading 2352 Unused Serialized files (Serialized files now loaded: 0)
System memory in use before: 127.5 MB.
System memory in use after: 127.7 MB.

Unloading 30 unused Assets to reduce memory usage. Loaded Objects now: 3271.
Total: 2.345100 ms (FindLiveObjects: 0.224700 ms CreateObjectMapping: 0.105000 ms MarkObjects: 1.997800 ms  DeleteObjects: 0.016600 ms)

========================================================================
Received Import Request.
  Time since last request: 602.560941 seconds.
  path: Assets/logo.anim
  artifactKey: Guid(5d83ce2c277f43141bc53a71e0200a9e) Importer(815301076,1909f56bfc062723c751e8b465ee728b)
Start importing Assets/logo.anim using Guid(5d83ce2c277f43141bc53a71e0200a9e) Importer(815301076,1909f56bfc062723c751e8b465ee728b)  -> (artifact id: '0600f0ebcd8b45939e239143fb762a9f') in 0.012995 seconds 
========================================================================
Received Prepare
Registering precompiled user dll's ...
Registered in 0.004805 seconds.
Begin MonoManager ReloadAssembly
Native extension for WindowsStandalone target not found
Native extension for WebGL target not found
Refreshing native plugins compatible for Editor in 0.58 ms, found 3 plugins.
Preloading 0 native plugins for Editor in 0.00 ms.
Mono: successfully reloaded assembly
- Completed reload, in  1.094 seconds
Platform modules already initialized, skipping
Refreshing native plugins compatible for Editor in 0.58 ms, found 3 plugins.
Preloading 0 native plugins for Editor in 0.00 ms.
Unloading 2352 Unused Serialized files (Serialized files now loaded: 0)
System memory in use before: 127.5 MB.
System memory in use after: 127.7 MB.

Unloading 30 unused Assets to reduce memory usage. Loaded Objects now: 3273.
Total: 3.085700 ms (FindLiveObjects: 0.391500 ms CreateObjectMapping: 0.240600 ms MarkObjects: 2.430900 ms  DeleteObjects: 0.021000 ms)

========================================================================
Received Prepare
Registering precompiled user dll's ...
Registered in 0.005037 seconds.
Begin MonoManager ReloadAssembly
Native extension for WindowsStandalone target not found
Native extension for WebGL target not found
Refreshing native plugins compatible for Editor in 0.55 ms, found 3 plugins.
Preloading 0 native plugins for Editor in 0.00 ms.
Mono: successfully reloaded assembly
- Completed reload, in  1.075 seconds
Platform modules already initialized, skipping
Refreshing native plugins compatible for Editor in 0.54 ms, found 3 plugins.
Preloading 0 native plugins for Editor in 0.00 ms.
Unloading 2352 Unused Serialized files (Serialized files now loaded: 0)
System memory in use before: 127.4 MB.
System memory in use after: 127.6 MB.

Unloading 30 unused Assets to reduce memory usage. Loaded Objects now: 3275.
Total: 2.742100 ms (FindLiveObjects: 0.240000 ms CreateObjectMapping: 0.127300 ms MarkObjects: 2.356900 ms  DeleteObjects: 0.017100 ms)

========================================================================
Received Prepare
Registering precompiled user dll's ...
Registered in 0.004596 seconds.
Begin MonoManager ReloadAssembly
Native extension for WindowsStandalone target not found
Native extension for WebGL target not found
Refreshing native plugins compatible for Editor in 0.56 ms, found 3 plugins.
Preloading 0 native plugins for Editor in 0.00 ms.
Mono: successfully reloaded assembly
- Completed reload, in  1.027 seconds
Platform modules already initialized, skipping
Refreshing native plugins compatible for Editor in 0.55 ms, found 3 plugins.
Preloading 0 native plugins for Editor in 0.00 ms.
Unloading 2352 Unused Serialized files (Serialized files now loaded: 0)
System memory in use before: 127.5 MB.
System memory in use after: 127.7 MB.

Unloading 30 unused Assets to reduce memory usage. Loaded Objects now: 3277.
Total: 2.330500 ms (FindLiveObjects: 0.229200 ms CreateObjectMapping: 0.111800 ms MarkObjects: 1.970700 ms  DeleteObjects: 0.017600 ms)

========================================================================
Received Import Request.
  Time since last request: 311.035813 seconds.
  path: Assets/Animations/buubldPopUI.anim
  artifactKey: Guid(f0d851a6c6a20624b9645b03cd8ffa34) Importer(815301076,1909f56bfc062723c751e8b465ee728b)
Start importing Assets/Animations/buubldPopUI.anim using Guid(f0d851a6c6a20624b9645b03cd8ffa34) Importer(815301076,1909f56bfc062723c751e8b465ee728b)  -> (artifact id: '4ba3fa189a1e02f4a3d1c53b63e3b7d1') in 0.013323 seconds 
========================================================================
Received Import Request.
  Time since last request: 9.023334 seconds.
  path: Assets/Animations/buubldPopUI.anim
  artifactKey: Guid(f0d851a6c6a20624b9645b03cd8ffa34) Importer(815301076,1909f56bfc062723c751e8b465ee728b)
Start importing Assets/Animations/buubldPopUI.anim using Guid(f0d851a6c6a20624b9645b03cd8ffa34) Importer(815301076,1909f56bfc062723c751e8b465ee728b)  -> (artifact id: '96e13098e84866fee905519d33743b71') in 0.003714 seconds 
========================================================================
Received Import Request.
  Time since last request: 54.025615 seconds.
  path: Assets/Animations/Button.controller
  artifactKey: Guid(9c6c8963772603740bc338fbbacf1d3a) Importer(815301076,1909f56bfc062723c751e8b465ee728b)
Start importing Assets/Animations/Button.controller using Guid(9c6c8963772603740bc338fbbacf1d3a) Importer(815301076,1909f56bfc062723c751e8b465ee728b)  -> (artifact id: 'f567106c4f0b9f1723fb9686713c5b19') in 0.006228 seconds 
========================================================================
Received Prepare
Registering precompiled user dll's ...
Registered in 0.004374 seconds.
Begin MonoManager ReloadAssembly
Native extension for WindowsStandalone target not found
Native extension for WebGL target not found
Refreshing native plugins compatible for Editor in 0.59 ms, found 3 plugins.
Preloading 0 native plugins for Editor in 0.00 ms.
Mono: successfully reloaded assembly
- Completed reload, in  1.020 seconds
Platform modules already initialized, skipping
Refreshing native plugins compatible for Editor in 0.54 ms, found 3 plugins.
Preloading 0 native plugins for Editor in 0.00 ms.
Unloading 2352 Unused Serialized files (Serialized files now loaded: 0)
System memory in use before: 127.5 MB.
System memory in use after: 127.7 MB.

Unloading 30 unused Assets to reduce memory usage. Loaded Objects now: 3279.
Total: 2.581100 ms (FindLiveObjects: 0.219500 ms CreateObjectMapping: 0.110000 ms MarkObjects: 2.235100 ms  DeleteObjects: 0.015700 ms)

========================================================================
Received Prepare
Registering precompiled user dll's ...
Registered in 0.004827 seconds.
Begin MonoManager ReloadAssembly
Native extension for WindowsStandalone target not found
Native extension for WebGL target not found
Refreshing native plugins compatible for Editor in 0.60 ms, found 3 plugins.
Preloading 0 native plugins for Editor in 0.00 ms.
Mono: successfully reloaded assembly
- Completed reload, in  1.041 seconds
Platform modules already initialized, skipping
Refreshing native plugins compatible for Editor in 0.55 ms, found 3 plugins.
Preloading 0 native plugins for Editor in 0.00 ms.
Unloading 2352 Unused Serialized files (Serialized files now loaded: 0)
System memory in use before: 127.5 MB.
System memory in use after: 127.8 MB.

Unloading 30 unused Assets to reduce memory usage. Loaded Objects now: 3281.
Total: 2.656900 ms (FindLiveObjects: 0.333500 ms CreateObjectMapping: 0.200700 ms MarkObjects: 2.105000 ms  DeleteObjects: 0.016900 ms)

========================================================================
Received Import Request.
  Time since last request: 107.608166 seconds.
  path: Assets/Animations/buubldPopUI.anim
  artifactKey: Guid(f0d851a6c6a20624b9645b03cd8ffa34) Importer(815301076,1909f56bfc062723c751e8b465ee728b)
Start importing Assets/Animations/buubldPopUI.anim using Guid(f0d851a6c6a20624b9645b03cd8ffa34) Importer(815301076,1909f56bfc062723c751e8b465ee728b)  -> (artifact id: '6e10f98e2e9fa7142ffb541bb3d8eb6b') in 0.014669 seconds 
========================================================================
Received Import Request.
  Time since last request: 12.813467 seconds.
  path: Assets/Animations/Playbutton.anim
  artifactKey: Guid(5d4fbc8086d75ad4fb03d141d18d936d) Importer(815301076,1909f56bfc062723c751e8b465ee728b)
Start importing Assets/Animations/Playbutton.anim using Guid(5d4fbc8086d75ad4fb03d141d18d936d) Importer(815301076,1909f56bfc062723c751e8b465ee728b)  -> (artifact id: '88ad9ac796dc9e010b85cbd4117c4e48') in 0.003859 seconds 
========================================================================
Received Prepare
Registering precompiled user dll's ...
Registered in 0.004633 seconds.
Begin MonoManager ReloadAssembly
Native extension for WindowsStandalone target not found
Native extension for WebGL target not found
Refreshing native plugins compatible for Editor in 0.58 ms, found 3 plugins.
Preloading 0 native plugins for Editor in 0.00 ms.
Mono: successfully reloaded assembly
- Completed reload, in  1.046 seconds
Platform modules already initialized, skipping
Refreshing native plugins compatible for Editor in 0.54 ms, found 3 plugins.
Preloading 0 native plugins for Editor in 0.00 ms.
Unloading 2352 Unused Serialized files (Serialized files now loaded: 0)
System memory in use before: 127.5 MB.
System memory in use after: 127.8 MB.

Unloading 30 unused Assets to reduce memory usage. Loaded Objects now: 3283.
Total: 2.536100 ms (FindLiveObjects: 0.207100 ms CreateObjectMapping: 0.106600 ms MarkObjects: 2.206200 ms  DeleteObjects: 0.015500 ms)

========================================================================
Received Prepare
Registering precompiled user dll's ...
Registered in 0.004713 seconds.
Begin MonoManager ReloadAssembly
Native extension for WindowsStandalone target not found
Native extension for WebGL target not found
Refreshing native plugins compatible for Editor in 0.53 ms, found 3 plugins.
Preloading 0 native plugins for Editor in 0.00 ms.
Mono: successfully reloaded assembly
- Completed reload, in  1.044 seconds
Platform modules already initialized, skipping
Refreshing native plugins compatible for Editor in 0.55 ms, found 3 plugins.
Preloading 0 native plugins for Editor in 0.00 ms.
Unloading 2352 Unused Serialized files (Serialized files now loaded: 0)
System memory in use before: 127.5 MB.
System memory in use after: 127.7 MB.

Unloading 30 unused Assets to reduce memory usage. Loaded Objects now: 3285.
Total: 2.598700 ms (FindLiveObjects: 0.248000 ms CreateObjectMapping: 0.159000 ms MarkObjects: 2.173600 ms  DeleteObjects: 0.017400 ms)

========================================================================
Received Prepare
Registering precompiled user dll's ...
Registered in 0.004291 seconds.
Begin MonoManager ReloadAssembly
Native extension for WindowsStandalone target not found
Native extension for WebGL target not found
Refreshing native plugins compatible for Editor in 0.57 ms, found 3 plugins.
Preloading 0 native plugins for Editor in 0.00 ms.
Mono: successfully reloaded assembly
- Completed reload, in  1.011 seconds
Platform modules already initialized, skipping
Refreshing native plugins compatible for Editor in 0.52 ms, found 3 plugins.
Preloading 0 native plugins for Editor in 0.00 ms.
Unloading 2352 Unused Serialized files (Serialized files now loaded: 0)
System memory in use before: 127.6 MB.
System memory in use after: 127.8 MB.

Unloading 30 unused Assets to reduce memory usage. Loaded Objects now: 3287.
Total: 2.282200 ms (FindLiveObjects: 0.216900 ms CreateObjectMapping: 0.109100 ms MarkObjects: 1.940300 ms  DeleteObjects: 0.015200 ms)

========================================================================
Received Import Request.
  Time since last request: 208.908446 seconds.
  path: Assets/Animations/Image 1.controller
  artifactKey: Guid(dbcdd083464cf154b9870dfbb02ac477) Importer(815301076,1909f56bfc062723c751e8b465ee728b)
Start importing Assets/Animations/Image 1.controller using Guid(dbcdd083464cf154b9870dfbb02ac477) Importer(815301076,1909f56bfc062723c751e8b465ee728b)  -> (artifact id: '28798414128c447757d960ce4486e2db') in 0.012636 seconds 
========================================================================
Received Prepare
Registering precompiled user dll's ...
Registered in 0.004447 seconds.
Begin MonoManager ReloadAssembly
Native extension for WindowsStandalone target not found
Native extension for WebGL target not found
Refreshing native plugins compatible for Editor in 0.55 ms, found 3 plugins.
Preloading 0 native plugins for Editor in 0.00 ms.
Mono: successfully reloaded assembly
- Completed reload, in  1.022 seconds
Platform modules already initialized, skipping
Refreshing native plugins compatible for Editor in 0.63 ms, found 3 plugins.
Preloading 0 native plugins for Editor in 0.00 ms.
Unloading 2352 Unused Serialized files (Serialized files now loaded: 0)
System memory in use before: 127.6 MB.
System memory in use after: 127.8 MB.

Unloading 30 unused Assets to reduce memory usage. Loaded Objects now: 3289.
Total: 2.772600 ms (FindLiveObjects: 0.226700 ms CreateObjectMapping: 0.123400 ms MarkObjects: 2.402100 ms  DeleteObjects: 0.019400 ms)

========================================================================
Received Prepare
Registering precompiled user dll's ...
Registered in 0.004356 seconds.
Begin MonoManager ReloadAssembly
Native extension for WindowsStandalone target not found
Native extension for WebGL target not found
Refreshing native plugins compatible for Editor in 0.58 ms, found 3 plugins.
Preloading 0 native plugins for Editor in 0.00 ms.
Mono: successfully reloaded assembly
- Completed reload, in  1.030 seconds
Platform modules already initialized, skipping
Refreshing native plugins compatible for Editor in 0.51 ms, found 3 plugins.
Preloading 0 native plugins for Editor in 0.00 ms.
Unloading 2352 Unused Serialized files (Serialized files now loaded: 0)
System memory in use before: 127.6 MB.
System memory in use after: 127.8 MB.

Unloading 30 unused Assets to reduce memory usage. Loaded Objects now: 3291.
Total: 2.556200 ms (FindLiveObjects: 0.264200 ms CreateObjectMapping: 0.111600 ms MarkObjects: 2.165300 ms  DeleteObjects: 0.014400 ms)

========================================================================
Received Import Request.
  Time since last request: 172.688220 seconds.
  path: Assets/Animations/buubldPopUI.anim
  artifactKey: Guid(f0d851a6c6a20624b9645b03cd8ffa34) Importer(815301076,1909f56bfc062723c751e8b465ee728b)
Start importing Assets/Animations/buubldPopUI.anim using Guid(f0d851a6c6a20624b9645b03cd8ffa34) Importer(815301076,1909f56bfc062723c751e8b465ee728b)  -> (artifact id: '9bf554dad0f5da897c1e252d30c7237f') in 0.014407 seconds 
========================================================================
Received Prepare
Registering precompiled user dll's ...
Registered in 0.004592 seconds.
Begin MonoManager ReloadAssembly
Native extension for WindowsStandalone target not found
Native extension for WebGL target not found
Refreshing native plugins compatible for Editor in 0.54 ms, found 3 plugins.
Preloading 0 native plugins for Editor in 0.00 ms.
Mono: successfully reloaded assembly
- Completed reload, in  1.040 seconds
Platform modules already initialized, skipping
Refreshing native plugins compatible for Editor in 0.54 ms, found 3 plugins.
Preloading 0 native plugins for Editor in 0.00 ms.
Unloading 2352 Unused Serialized files (Serialized files now loaded: 0)
System memory in use before: 127.6 MB.
System memory in use after: 127.8 MB.

Unloading 30 unused Assets to reduce memory usage. Loaded Objects now: 3293.
Total: 2.212400 ms (FindLiveObjects: 0.222100 ms CreateObjectMapping: 0.117000 ms MarkObjects: 1.858000 ms  DeleteObjects: 0.014500 ms)

========================================================================
Received Prepare
Registering precompiled user dll's ...
Registered in 0.004392 seconds.
Begin MonoManager ReloadAssembly
Native extension for WindowsStandalone target not found
Native extension for WebGL target not found
Refreshing native plugins compatible for Editor in 0.56 ms, found 3 plugins.
Preloading 0 native plugins for Editor in 0.00 ms.
Mono: successfully reloaded assembly
- Completed reload, in  1.019 seconds
Platform modules already initialized, skipping
Refreshing native plugins compatible for Editor in 0.59 ms, found 3 plugins.
Preloading 0 native plugins for Editor in 0.00 ms.
Unloading 2352 Unused Serialized files (Serialized files now loaded: 0)
System memory in use before: 127.5 MB.
System memory in use after: 127.7 MB.

Unloading 30 unused Assets to reduce memory usage. Loaded Objects now: 3295.
Total: 2.339400 ms (FindLiveObjects: 0.247900 ms CreateObjectMapping: 0.140700 ms MarkObjects: 1.933600 ms  DeleteObjects: 0.016600 ms)

========================================================================
Received Import Request.
  Time since last request: 71.620915 seconds.
  path: Assets/TextMesh Pro/Examples & Extras/Resources/Color Gradient Presets/Light to Dark Green - Vertical.asset
  artifactKey: Guid(5cf8ae092ca54931b443bec5148f3c59) Importer(815301076,1909f56bfc062723c751e8b465ee728b)
Start importing Assets/TextMesh Pro/Examples & Extras/Resources/Color Gradient Presets/Light to Dark Green - Vertical.asset using Guid(5cf8ae092ca54931b443bec5148f3c59) Importer(815301076,1909f56bfc062723c751e8b465ee728b)  -> (artifact id: 'f28eff44e2b449c22d28a332ae57ed01') in 0.012181 seconds 
========================================================================
Received Import Request.
  Time since last request: 4.655898 seconds.
  path: Assets/TextMesh Pro/Examples & Extras/Resources/Color Gradient Presets/Blue to Purple - Vertical.asset
  artifactKey: Guid(479a66fa4b094512a62b0a8e553ad95a) Importer(815301076,1909f56bfc062723c751e8b465ee728b)
Start importing Assets/TextMesh Pro/Examples & Extras/Resources/Color Gradient Presets/Blue to Purple - Vertical.asset using Guid(479a66fa4b094512a62b0a8e553ad95a) Importer(815301076,1909f56bfc062723c751e8b465ee728b)  -> (artifact id: '5b1266630a58929102ea72b1c8c68a1d') in 0.002872 seconds 
========================================================================
Received Import Request.
  Time since last request: 1.271594 seconds.
  path: Assets/TextMesh Pro/Examples & Extras/Resources/Color Gradient Presets/Dark to Light Green - Vertical.asset
  artifactKey: Guid(4c86a3366cd840348ebe8dc438570ee4) Importer(815301076,1909f56bfc062723c751e8b465ee728b)
Start importing Assets/TextMesh Pro/Examples & Extras/Resources/Color Gradient Presets/Dark to Light Green - Vertical.asset using Guid(4c86a3366cd840348ebe8dc438570ee4) Importer(815301076,1909f56bfc062723c751e8b465ee728b)  -> (artifact id: '7404bc33cd80549080aa3d1ea9e432b9') in 0.002728 seconds 
========================================================================
Received Import Request.
  Time since last request: 0.000406 seconds.
  path: Assets/TextMesh Pro/Resources/Style Sheets/Default Style Sheet.asset
  artifactKey: Guid(f952c082cb03451daed3ee968ac6c63e) Importer(815301076,1909f56bfc062723c751e8b465ee728b)
Start importing Assets/TextMesh Pro/Resources/Style Sheets/Default Style Sheet.asset using Guid(f952c082cb03451daed3ee968ac6c63e) Importer(815301076,1909f56bfc062723c751e8b465ee728b)  -> (artifact id: 'c704dab1da32706f8a0eb032a844440d') in 0.003620 seconds 
========================================================================
Received Import Request.
  Time since last request: 0.000258 seconds.
  path: Assets/TextMesh Pro/Examples & Extras/Resources/Sprite Assets/Default Sprite Asset.asset
  artifactKey: Guid(fbef3c704dce48f08a44612d6c856c8d) Importer(815301076,1909f56bfc062723c751e8b465ee728b)
Start importing Assets/TextMesh Pro/Examples & Extras/Resources/Sprite Assets/Default Sprite Asset.asset using Guid(fbef3c704dce48f08a44612d6c856c8d) Importer(815301076,1909f56bfc062723c751e8b465ee728b)  -> (artifact id: '9a1d8fe00ca75e53abe7319c3c405c93') in 0.006532 seconds 
========================================================================
Received Import Request.
  Time since last request: 0.033793 seconds.
  path: Assets/TextMesh Pro/Examples & Extras/Resources/Sprite Assets/DropCap Numbers.asset
  artifactKey: Guid(14aa93acbb234d16aaef0e8b46814db6) Importer(815301076,1909f56bfc062723c751e8b465ee728b)
Start importing Assets/TextMesh Pro/Examples & Extras/Resources/Sprite Assets/DropCap Numbers.asset using Guid(14aa93acbb234d16aaef0e8b46814db6) Importer(815301076,1909f56bfc062723c751e8b465ee728b)  -> (artifact id: 'c07c461e3fbb77d3aedbbd8c6274425b') in 0.002890 seconds 
========================================================================
Received Import Request.
  Time since last request: 0.009482 seconds.
  path: Assets/TextMesh Pro/Resources/Sprite Assets/EmojiOne.asset
  artifactKey: Guid(c41005c129ba4d66911b75229fd70b45) Importer(815301076,1909f56bfc062723c751e8b465ee728b)
Start importing Assets/TextMesh Pro/Resources/Sprite Assets/EmojiOne.asset using Guid(c41005c129ba4d66911b75229fd70b45) Importer(815301076,1909f56bfc062723c751e8b465ee728b)  -> (artifact id: '2ee6d107a973142ad09048b29e02e605') in 0.003694 seconds 
========================================================================
Received Import Request.
  Time since last request: 0.487525 seconds.
  path: Assets/Fog/StageFog.prefab
  artifactKey: Guid(f0674447a7f7c624197596d2c5638967) Importer(815301076,1909f56bfc062723c751e8b465ee728b)
Start importing Assets/Fog/StageFog.prefab using Guid(f0674447a7f7c624197596d2c5638967) Importer(815301076,1909f56bfc062723c751e8b465ee728b)  -> (artifact id: 'bdb5027c0c609545ae0f1fd2b230f303') in 0.016856 seconds 
========================================================================
Received Import Request.
  Time since last request: 0.396633 seconds.
  path: Assets/TextMesh Pro/Examples & Extras/Prefabs/Text Popup.prefab
  artifactKey: Guid(b06f0e6c1dfa4356ac918da1bb32c603) Importer(815301076,1909f56bfc062723c751e8b465ee728b)
Start importing Assets/TextMesh Pro/Examples & Extras/Prefabs/Text Popup.prefab using Guid(b06f0e6c1dfa4356ac918da1bb32c603) Importer(815301076,1909f56bfc062723c751e8b465ee728b)  -> (artifact id: '21736dad0fcbe3ef5fef92bea7a94424') in 0.058923 seconds 
========================================================================
Received Import Request.
  Time since last request: 0.000305 seconds.
  path: Assets/TextMesh Pro/Examples & Extras/Prefabs/TextMeshPro - Prefab 1.prefab
  artifactKey: Guid(a6e39ced0ea046bcb636c3f0b2e2a745) Importer(815301076,1909f56bfc062723c751e8b465ee728b)
Start importing Assets/TextMesh Pro/Examples & Extras/Prefabs/TextMeshPro - Prefab 1.prefab using Guid(a6e39ced0ea046bcb636c3f0b2e2a745) Importer(815301076,1909f56bfc062723c751e8b465ee728b)  -> (artifact id: 'b85b7f2f5815b2ec8e3ecd8633bf2957') in 0.029697 seconds 
========================================================================
Received Import Request.
  Time since last request: 0.000381 seconds.
  path: Assets/TextMesh Pro/Examples & Extras/Prefabs/TextMeshPro - Prefab 2.prefab
  artifactKey: Guid(fdad9d952ae84cafb74c63f2e694d042) Importer(815301076,1909f56bfc062723c751e8b465ee728b)
Start importing Assets/TextMesh Pro/Examples & Extras/Prefabs/TextMeshPro - Prefab 2.prefab using Guid(fdad9d952ae84cafb74c63f2e694d042) Importer(815301076,1909f56bfc062723c751e8b465ee728b)  -> (artifact id: '2c6bd6d81b1d0c9c66db1931afffe241') in 0.023266 seconds 
========================================================================
Received Import Request.
  Time since last request: 0.000270 seconds.
  path: Assets/TextMesh Pro/Resources/TMP Settings.asset
  artifactKey: Guid(3f5b5dff67a942289a9defa416b206f3) Importer(815301076,1909f56bfc062723c751e8b465ee728b)
Start importing Assets/TextMesh Pro/Resources/TMP Settings.asset using Guid(3f5b5dff67a942289a9defa416b206f3) Importer(815301076,1909f56bfc062723c751e8b465ee728b)  -> (artifact id: '91a44470c4941880b382e6c6ed757b96') in 0.026668 seconds 
========================================================================
Received Import Request.
  Time since last request: 0.463820 seconds.
  path: Assets/TextMesh Pro/Examples & Extras/Resources/Color Gradient Presets/Yellow to Orange - Vertical.asset
  artifactKey: Guid(69a525efa7e6472eab268f6ea605f06e) Importer(815301076,1909f56bfc062723c751e8b465ee728b)
Start importing Assets/TextMesh Pro/Examples & Extras/Resources/Color Gradient Presets/Yellow to Orange - Vertical.asset using Guid(69a525efa7e6472eab268f6ea605f06e) Importer(815301076,1909f56bfc062723c751e8b465ee728b)  -> (artifact id: '07995d2889a0fc6d819eb79d1b46e6e9') in 0.003266 seconds 
========================================================================
Received Import Request.
  Time since last request: 55.102768 seconds.
  path: Assets/menu.cs
  artifactKey: Guid(70026763bcb13434eaaee2362a4e9f36) Importer(815301076,1909f56bfc062723c751e8b465ee728b)
Start importing Assets/menu.cs using Guid(70026763bcb13434eaaee2362a4e9f36) Importer(815301076,1909f56bfc062723c751e8b465ee728b)  -> (artifact id: '168377639c0dce25a36db0fb151db8ca') in 0.005260 seconds 
========================================================================
Received Prepare
Registering precompiled user dll's ...
Registered in 0.007477 seconds.
Begin MonoManager ReloadAssembly
Native extension for WindowsStandalone target not found
Native extension for WebGL target not found
Refreshing native plugins compatible for Editor in 0.90 ms, found 3 plugins.
Preloading 0 native plugins for Editor in 0.00 ms.
Mono: successfully reloaded assembly
- Completed reload, in  1.386 seconds
Platform modules already initialized, skipping
Refreshing native plugins compatible for Editor in 0.62 ms, found 3 plugins.
Preloading 0 native plugins for Editor in 0.00 ms.
Unloading 2353 Unused Serialized files (Serialized files now loaded: 0)
System memory in use before: 127.6 MB.
System memory in use after: 127.9 MB.

Unloading 31 unused Assets to reduce memory usage. Loaded Objects now: 3298.
Total: 2.603300 ms (FindLiveObjects: 0.258400 ms CreateObjectMapping: 0.146100 ms MarkObjects: 2.173700 ms  DeleteObjects: 0.024100 ms)

========================================================================
Received Prepare
Registering precompiled user dll's ...
Registered in 0.005169 seconds.
Begin MonoManager ReloadAssembly
Native extension for WindowsStandalone target not found
Native extension for WebGL target not found
Refreshing native plugins compatible for Editor in 0.60 ms, found 3 plugins.
Preloading 0 native plugins for Editor in 0.00 ms.
Mono: successfully reloaded assembly
- Completed reload, in  1.082 seconds
Platform modules already initialized, skipping
Refreshing native plugins compatible for Editor in 0.59 ms, found 3 plugins.
Preloading 0 native plugins for Editor in 0.00 ms.
Unloading 2353 Unused Serialized files (Serialized files now loaded: 0)
System memory in use before: 127.6 MB.
System memory in use after: 127.9 MB.

Unloading 30 unused Assets to reduce memory usage. Loaded Objects now: 3300.
Total: 2.824300 ms (FindLiveObjects: 0.233900 ms CreateObjectMapping: 0.120100 ms MarkObjects: 2.451400 ms  DeleteObjects: 0.018200 ms)

========================================================================
Received Import Request.
  Time since last request: 68.775771 seconds.
  path: Assets/menu.cs
  artifactKey: Guid(70026763bcb13434eaaee2362a4e9f36) Importer(815301076,1909f56bfc062723c751e8b465ee728b)
Start importing Assets/menu.cs using Guid(70026763bcb13434eaaee2362a4e9f36) Importer(815301076,1909f56bfc062723c751e8b465ee728b)  -> (artifact id: '3c1d726438b0d840ca3b6584c8372cce') in 0.004827 seconds 
========================================================================
Received Prepare
Registering precompiled user dll's ...
Registered in 0.004683 seconds.
Begin MonoManager ReloadAssembly
Native extension for WindowsStandalone target not found
Native extension for WebGL target not found
Refreshing native plugins compatible for Editor in 0.57 ms, found 3 plugins.
Preloading 0 native plugins for Editor in 0.00 ms.
Mono: successfully reloaded assembly
- Completed reload, in  1.021 seconds
Platform modules already initialized, skipping
Refreshing native plugins compatible for Editor in 0.53 ms, found 3 plugins.
Preloading 0 native plugins for Editor in 0.00 ms.
Unloading 2353 Unused Serialized files (Serialized files now loaded: 0)
System memory in use before: 127.8 MB.
System memory in use after: 128.1 MB.

Unloading 30 unused Assets to reduce memory usage. Loaded Objects now: 3302.
Total: 2.423900 ms (FindLiveObjects: 0.214500 ms CreateObjectMapping: 0.102700 ms MarkObjects: 2.090700 ms  DeleteObjects: 0.015300 ms)

========================================================================
Received Import Request.
  Time since last request: 80.942992 seconds.
  path: Assets/Scenes/Level1.unity
  artifactKey: Guid(941025acae190024abe3eab52601c6ea) Importer(815301076,1909f56bfc062723c751e8b465ee728b)
Start importing Assets/Scenes/Level1.unity using Guid(941025acae190024abe3eab52601c6ea) Importer(815301076,1909f56bfc062723c751e8b465ee728b)  -> (artifact id: '4161b796f0447af7d08740b3288f8239') in 0.011029 seconds 
========================================================================
Received Prepare
Registering precompiled user dll's ...
Registered in 0.004622 seconds.
Begin MonoManager ReloadAssembly
Native extension for WindowsStandalone target not found
Native extension for WebGL target not found
Refreshing native plugins compatible for Editor in 0.56 ms, found 3 plugins.
Preloading 0 native plugins for Editor in 0.00 ms.
Mono: successfully reloaded assembly
- Completed reload, in  1.041 seconds
Platform modules already initialized, skipping
Refreshing native plugins compatible for Editor in 0.56 ms, found 3 plugins.
Preloading 0 native plugins for Editor in 0.00 ms.
Unloading 2353 Unused Serialized files (Serialized files now loaded: 0)
System memory in use before: 127.9 MB.
System memory in use after: 128.1 MB.

Unloading 30 unused Assets to reduce memory usage. Loaded Objects now: 3304.
Total: 2.157600 ms (FindLiveObjects: 0.222400 ms CreateObjectMapping: 0.104900 ms MarkObjects: 1.814600 ms  DeleteObjects: 0.014800 ms)

========================================================================
Received Prepare
Registering precompiled user dll's ...
Registered in 0.005076 seconds.
Begin MonoManager ReloadAssembly
Native extension for WindowsStandalone target not found
Native extension for WebGL target not found
Refreshing native plugins compatible for Editor in 0.58 ms, found 3 plugins.
Preloading 0 native plugins for Editor in 0.00 ms.
Mono: successfully reloaded assembly
- Completed reload, in  1.060 seconds
Platform modules already initialized, skipping
Refreshing native plugins compatible for Editor in 0.55 ms, found 3 plugins.
Preloading 0 native plugins for Editor in 0.00 ms.
Unloading 2353 Unused Serialized files (Serialized files now loaded: 0)
System memory in use before: 127.8 MB.
System memory in use after: 128.0 MB.

Unloading 30 unused Assets to reduce memory usage. Loaded Objects now: 3306.
Total: 2.607600 ms (FindLiveObjects: 0.228100 ms CreateObjectMapping: 0.123900 ms MarkObjects: 2.240100 ms  DeleteObjects: 0.014800 ms)

========================================================================
Received Import Request.
  Time since last request: 149.592966 seconds.
  path: Assets/Scenes/SampleScene.unity
  artifactKey: Guid(2cda990e2423bbf4892e6590ba056729) Importer(815301076,1909f56bfc062723c751e8b465ee728b)
Start importing Assets/Scenes/SampleScene.unity using Guid(2cda990e2423bbf4892e6590ba056729) Importer(815301076,1909f56bfc062723c751e8b465ee728b)  -> (artifact id: '072955e69c6f9097fa382f2fcb15bce8') in 0.012186 seconds 
========================================================================
Received Prepare
Registering precompiled user dll's ...
Registered in 0.004658 seconds.
Begin MonoManager ReloadAssembly
Native extension for WindowsStandalone target not found
Native extension for WebGL target not found
Refreshing native plugins compatible for Editor in 0.65 ms, found 3 plugins.
Preloading 0 native plugins for Editor in 0.00 ms.
Mono: successfully reloaded assembly
- Completed reload, in  1.087 seconds
Platform modules already initialized, skipping
Refreshing native plugins compatible for Editor in 0.56 ms, found 3 plugins.
Preloading 0 native plugins for Editor in 0.00 ms.
Unloading 2353 Unused Serialized files (Serialized files now loaded: 0)
System memory in use before: 127.9 MB.
System memory in use after: 128.1 MB.

Unloading 30 unused Assets to reduce memory usage. Loaded Objects now: 3308.
Total: 2.684400 ms (FindLiveObjects: 0.228300 ms CreateObjectMapping: 0.110900 ms MarkObjects: 2.327400 ms  DeleteObjects: 0.017000 ms)

========================================================================
Received Prepare
Registering precompiled user dll's ...
Registered in 0.004471 seconds.
Begin MonoManager ReloadAssembly
Native extension for WindowsStandalone target not found
Native extension for WebGL target not found
Refreshing native plugins compatible for Editor in 0.59 ms, found 3 plugins.
Preloading 0 native plugins for Editor in 0.00 ms.
Mono: successfully reloaded assembly
- Completed reload, in  1.064 seconds
Platform modules already initialized, skipping
Refreshing native plugins compatible for Editor in 0.56 ms, found 3 plugins.
Preloading 0 native plugins for Editor in 0.00 ms.
Unloading 2353 Unused Serialized files (Serialized files now loaded: 0)
System memory in use before: 127.9 MB.
System memory in use after: 128.1 MB.

Unloading 30 unused Assets to reduce memory usage. Loaded Objects now: 3310.
Total: 2.650100 ms (FindLiveObjects: 0.224600 ms CreateObjectMapping: 0.112000 ms MarkObjects: 2.296400 ms  DeleteObjects: 0.016200 ms)

========================================================================
Received Prepare
Registering precompiled user dll's ...
Registered in 0.004800 seconds.
Begin MonoManager ReloadAssembly
Native extension for WindowsStandalone target not found
Native extension for WebGL target not found
Refreshing native plugins compatible for Editor in 0.58 ms, found 3 plugins.
Preloading 0 native plugins for Editor in 0.00 ms.
Mono: successfully reloaded assembly
- Completed reload, in  1.092 seconds
Platform modules already initialized, skipping
Refreshing native plugins compatible for Editor in 0.54 ms, found 3 plugins.
Preloading 0 native plugins for Editor in 0.00 ms.
Unloading 2353 Unused Serialized files (Serialized files now loaded: 0)
System memory in use before: 127.9 MB.
System memory in use after: 128.2 MB.

Unloading 30 unused Assets to reduce memory usage. Loaded Objects now: 3312.
Total: 2.462400 ms (FindLiveObjects: 0.248700 ms CreateObjectMapping: 0.121800 ms MarkObjects: 2.074400 ms  DeleteObjects: 0.016800 ms)

========================================================================
Received Import Request.
  Time since last request: 467.947344 seconds.
  path: Assets/Prefabs/UICanvas.prefab
  artifactKey: Guid(bb3cc89063c6bf94c9d29a3198f7ef1e) Importer(815301076,1909f56bfc062723c751e8b465ee728b)
Start importing Assets/Prefabs/UICanvas.prefab using Guid(bb3cc89063c6bf94c9d29a3198f7ef1e) Importer(815301076,1909f56bfc062723c751e8b465ee728b)  -> (artifact id: 'ba6a26879f45fe05f3ce30522ada6c2f') in 0.072870 seconds 
========================================================================
Received Import Request.
  Time since last request: 7.827024 seconds.
  path: Assets/Scenes/Level1.unity
  artifactKey: Guid(941025acae190024abe3eab52601c6ea) Importer(815301076,1909f56bfc062723c751e8b465ee728b)
Start importing Assets/Scenes/Level1.unity using Guid(941025acae190024abe3eab52601c6ea) Importer(815301076,1909f56bfc062723c751e8b465ee728b)  -> (artifact id: '7edf2cc9b4eeec2eb92e3bd0abf98976') in 0.005518 seconds 
========================================================================
Received Prepare
Registering precompiled user dll's ...
Registered in 0.004689 seconds.
Begin MonoManager ReloadAssembly
Native extension for WindowsStandalone target not found
Native extension for WebGL target not found
Refreshing native plugins compatible for Editor in 0.61 ms, found 3 plugins.
Preloading 0 native plugins for Editor in 0.00 ms.
Mono: successfully reloaded assembly
- Completed reload, in  1.050 seconds
Platform modules already initialized, skipping
Refreshing native plugins compatible for Editor in 0.60 ms, found 3 plugins.
Preloading 0 native plugins for Editor in 0.00 ms.
Unloading 2353 Unused Serialized files (Serialized files now loaded: 0)
System memory in use before: 127.9 MB.
System memory in use after: 128.2 MB.

Unloading 30 unused Assets to reduce memory usage. Loaded Objects now: 3314.
Total: 2.705500 ms (FindLiveObjects: 0.228000 ms CreateObjectMapping: 0.110400 ms MarkObjects: 2.349500 ms  DeleteObjects: 0.016600 ms)

========================================================================
Received Prepare
Registering precompiled user dll's ...
Registered in 0.004729 seconds.
Begin MonoManager ReloadAssembly
Native extension for WindowsStandalone target not found
Native extension for WebGL target not found
Refreshing native plugins compatible for Editor in 0.54 ms, found 3 plugins.
Preloading 0 native plugins for Editor in 0.00 ms.
Mono: successfully reloaded assembly
- Completed reload, in  1.013 seconds
Platform modules already initialized, skipping
Refreshing native plugins compatible for Editor in 0.54 ms, found 3 plugins.
Preloading 0 native plugins for Editor in 0.00 ms.
Unloading 2353 Unused Serialized files (Serialized files now loaded: 0)
System memory in use before: 127.9 MB.
System memory in use after: 128.1 MB.

Unloading 30 unused Assets to reduce memory usage. Loaded Objects now: 3316.
Total: 2.476400 ms (FindLiveObjects: 0.223900 ms CreateObjectMapping: 0.102500 ms MarkObjects: 2.132300 ms  DeleteObjects: 0.016900 ms)

========================================================================
Received Prepare
Registering precompiled user dll's ...
Registered in 0.004792 seconds.
Begin MonoManager ReloadAssembly
Native extension for WindowsStandalone target not found
Native extension for WebGL target not found
Refreshing native plugins compatible for Editor in 0.57 ms, found 3 plugins.
Preloading 0 native plugins for Editor in 0.00 ms.
Mono: successfully reloaded assembly
- Completed reload, in  1.082 seconds
Platform modules already initialized, skipping
Refreshing native plugins compatible for Editor in 0.57 ms, found 3 plugins.
Preloading 0 native plugins for Editor in 0.00 ms.
Unloading 2353 Unused Serialized files (Serialized files now loaded: 0)
System memory in use before: 128.0 MB.
System memory in use after: 128.2 MB.

Unloading 30 unused Assets to reduce memory usage. Loaded Objects now: 3318.
Total: 2.361500 ms (FindLiveObjects: 0.222500 ms CreateObjectMapping: 0.109000 ms MarkObjects: 2.012400 ms  DeleteObjects: 0.016900 ms)

========================================================================
Received Import Request.
  Time since last request: 209.177244 seconds.
  path: Assets/Prefabs/UICanvas.prefab
  artifactKey: Guid(bb3cc89063c6bf94c9d29a3198f7ef1e) Importer(815301076,1909f56bfc062723c751e8b465ee728b)
Start importing Assets/Prefabs/UICanvas.prefab using Guid(bb3cc89063c6bf94c9d29a3198f7ef1e) Importer(815301076,1909f56bfc062723c751e8b465ee728b)  -> (artifact id: '785d6873ba6a9ee3b166736e855d8c2b') in 0.088662 seconds 
========================================================================
Received Import Request.
  Time since last request: 1.322503 seconds.
  path: Assets/Scenes/Level1.unity
  artifactKey: Guid(941025acae190024abe3eab52601c6ea) Importer(815301076,1909f56bfc062723c751e8b465ee728b)
Start importing Assets/Scenes/Level1.unity using Guid(941025acae190024abe3eab52601c6ea) Importer(815301076,1909f56bfc062723c751e8b465ee728b)  -> (artifact id: '621aa3cd37cd367a3f5d869c7c784734') in 0.004418 seconds 
========================================================================
Received Import Request.
  Time since last request: 2.979357 seconds.
  path: Assets/Scenes/Level2.unity
  artifactKey: Guid(7189ae86796d07c4d8e0297a565ea9f9) Importer(815301076,1909f56bfc062723c751e8b465ee728b)
Start importing Assets/Scenes/Level2.unity using Guid(7189ae86796d07c4d8e0297a565ea9f9) Importer(815301076,1909f56bfc062723c751e8b465ee728b)  -> (artifact id: '45356eb1e7b44608248d61c8eb8eeea9') in 0.004093 seconds 
========================================================================
Received Import Request.
  Time since last request: 1.317971 seconds.
  path: Assets/Scenes/Level3.unity
  artifactKey: Guid(8058083b34cdcfe41a1d090805493870) Importer(815301076,1909f56bfc062723c751e8b465ee728b)
Start importing Assets/Scenes/Level3.unity using Guid(8058083b34cdcfe41a1d090805493870) Importer(815301076,1909f56bfc062723c751e8b465ee728b)  -> (artifact id: 'cf17de67ba0b5307a63be982d496ebdc') in 0.002259 seconds 
========================================================================
Received Prepare
Refreshing native plugins compatible for Editor in 7.44 ms, found 3 plugins.
Preloading 0 native plugins for Editor in 0.00 ms.
Unloading 28 Unused Serialized files (Serialized files now loaded: 0)
System memory in use before: 83.2 MB.
System memory in use after: 83.4 MB.

Unloading 28 unused Assets to reduce memory usage. Loaded Objects now: 3320.
Total: 3.526500 ms (FindLiveObjects: 0.245300 ms CreateObjectMapping: 0.114300 ms MarkObjects: 3.150100 ms  DeleteObjects: 0.016100 ms)

========================================================================
Received Import Request.
  Time since last request: 833.448476 seconds.
  path: Assets/TextMesh Pro/Examples & Extras/Resources/Fonts & Materials/Anton SDF.asset
  artifactKey: Guid(8a89fa14b10d46a99122fd4f73fca9a2) Importer(815301076,1909f56bfc062723c751e8b465ee728b)
Start importing Assets/TextMesh Pro/Examples & Extras/Resources/Fonts & Materials/Anton SDF.asset using Guid(8a89fa14b10d46a99122fd4f73fca9a2) Importer(815301076,1909f56bfc062723c751e8b465ee728b)  -> (artifact id: 'ed1ab8220b5469b8edd97aeb43c2c9f3') in 0.066580 seconds 
========================================================================
Received Import Request.
  Time since last request: 0.000380 seconds.
  path: Assets/TextMesh Pro/Examples & Extras/Resources/Fonts & Materials/Bangers SDF.asset
  artifactKey: Guid(125cb55b44b24c4393181402bc6200e6) Importer(815301076,1909f56bfc062723c751e8b465ee728b)
Start importing Assets/TextMesh Pro/Examples & Extras/Resources/Fonts & Materials/Bangers SDF.asset using Guid(125cb55b44b24c4393181402bc6200e6) Importer(815301076,1909f56bfc062723c751e8b465ee728b)  -> (artifact id: 'ecb439002e214187288ae6e87d25600e') in 0.012971 seconds 
AssetImportWorkerClient::OnTransportError - code=2 error=End of file
